{"/home/travis/build/npmtest/node-npmtest-firebase-queue/test.js":{"path":"/home/travis/build/npmtest/node-npmtest-firebase-queue/test.js","s":{"1":2,"2":2,"3":2,"4":2,"5":2,"6":2,"7":2,"8":1,"9":2,"10":2,"11":1,"12":1,"13":1,"14":1,"15":2,"16":2,"17":2,"18":2,"19":1,"20":1,"21":2,"22":2,"23":2,"24":1,"25":1,"26":1,"27":1,"28":1,"29":1,"30":1,"31":1,"32":1,"33":1,"34":1,"35":1,"36":1,"37":2,"38":2,"39":1,"40":2,"41":2,"42":1,"43":2,"44":2,"45":1,"46":2,"47":2,"48":1,"49":1,"50":1,"51":1,"52":1},"b":{"1":[2,1,1,1],"2":[1,1,1,1],"3":[1,1],"4":[1,1],"5":[1,1],"6":[1,1],"7":[1,1],"8":[1,1],"9":[1,1,1],"10":[1,1],"11":[1,1],"12":[1,1],"13":[1,1],"14":[1,1],"15":[1,1],"16":[1,1]},"f":{"1":2,"2":2,"3":2,"4":2,"5":2,"6":1,"7":1,"8":2,"9":2,"10":2,"11":2,"12":1},"fnMap":{"1":{"name":"(anonymous_1)","line":12,"loc":{"start":{"line":12,"column":1},"end":{"line":12,"column":13}}},"2":{"name":"(anonymous_2)","line":19,"loc":{"start":{"line":19,"column":5},"end":{"line":19,"column":17}}},"3":{"name":"(anonymous_3)","line":23,"loc":{"start":{"line":23,"column":24},"end":{"line":23,"column":36}}},"4":{"name":"(anonymous_4)","line":61,"loc":{"start":{"line":61,"column":5},"end":{"line":61,"column":17}}},"5":{"name":"(anonymous_5)","line":82,"loc":{"start":{"line":82,"column":5},"end":{"line":82,"column":17}}},"6":{"name":"(anonymous_6)","line":102,"loc":{"start":{"line":102,"column":83},"end":{"line":105,"column":10}},"skip":true},"7":{"name":"(anonymous_7)","line":113,"loc":{"start":{"line":113,"column":77},"end":{"line":116,"column":10}},"skip":true},"8":{"name":"(anonymous_8)","line":129,"loc":{"start":{"line":129,"column":12},"end":{"line":129,"column":40}},"skip":true},"9":{"name":"(anonymous_9)","line":137,"loc":{"start":{"line":137,"column":77},"end":{"line":140,"column":10}},"skip":true},"10":{"name":"(anonymous_10)","line":148,"loc":{"start":{"line":148,"column":83},"end":{"line":151,"column":10}},"skip":true},"11":{"name":"(anonymous_11)","line":159,"loc":{"start":{"line":159,"column":79},"end":{"line":162,"column":10}},"skip":true},"12":{"name":"(anonymous_12)","line":170,"loc":{"start":{"line":170,"column":75},"end":{"line":173,"column":10}},"skip":true}},"statementMap":{"1":{"start":{"line":12,"column":0},"end":{"line":185,"column":5}},"2":{"start":{"line":14,"column":4},"end":{"line":14,"column":14}},"3":{"start":{"line":19,"column":4},"end":{"line":56,"column":9}},"4":{"start":{"line":21,"column":8},"end":{"line":21,"column":19}},"5":{"start":{"line":23,"column":8},"end":{"line":35,"column":13}},"6":{"start":{"line":24,"column":12},"end":{"line":34,"column":13}},"7":{"start":{"line":25,"column":16},"end":{"line":28,"column":30}},"8":{"start":{"line":30,"column":16},"end":{"line":33,"column":27}},"9":{"start":{"line":37,"column":8},"end":{"line":39,"column":21}},"10":{"start":{"line":40,"column":8},"end":{"line":53,"column":9}},"11":{"start":{"line":43,"column":12},"end":{"line":46,"column":14}},"12":{"start":{"line":47,"column":12},"end":{"line":47,"column":18}},"13":{"start":{"line":50,"column":12},"end":{"line":51,"column":46}},"14":{"start":{"line":52,"column":12},"end":{"line":52,"column":18}},"15":{"start":{"line":55,"column":8},"end":{"line":55,"column":35}},"16":{"start":{"line":61,"column":4},"end":{"line":63,"column":9}},"17":{"start":{"line":62,"column":8},"end":{"line":62,"column":15}},"18":{"start":{"line":64,"column":4},"end":{"line":77,"column":5}},"19":{"start":{"line":70,"column":8},"end":{"line":70,"column":14}},"20":{"start":{"line":76,"column":8},"end":{"line":76,"column":14}},"21":{"start":{"line":82,"column":4},"end":{"line":84,"column":9}},"22":{"start":{"line":83,"column":8},"end":{"line":83,"column":15}},"23":{"start":{"line":85,"column":4},"end":{"line":184,"column":5}},"24":{"start":{"line":92,"column":8},"end":{"line":94,"column":63}},"25":{"start":{"line":95,"column":8},"end":{"line":95,"column":14}},"26":{"start":{"line":102,"column":8},"end":{"line":111,"column":10},"skip":true},"27":{"start":{"line":109,"column":12},"end":{"line":109,"column":55},"skip":true},"28":{"start":{"line":110,"column":12},"end":{"line":110,"column":48},"skip":true},"29":{"start":{"line":113,"column":8},"end":{"line":126,"column":10},"skip":true},"30":{"start":{"line":120,"column":12},"end":{"line":120,"column":76},"skip":true},"31":{"start":{"line":121,"column":12},"end":{"line":121,"column":73},"skip":true},"32":{"start":{"line":122,"column":12},"end":{"line":122,"column":74},"skip":true},"33":{"start":{"line":123,"column":12},"end":{"line":123,"column":79},"skip":true},"34":{"start":{"line":124,"column":12},"end":{"line":124,"column":25},"skip":true},"35":{"start":{"line":125,"column":12},"end":{"line":125,"column":45},"skip":true},"36":{"start":{"line":128,"column":8},"end":{"line":135,"column":14},"skip":true},"37":{"start":{"line":133,"column":16},"end":{"line":133,"column":29},"skip":true},"38":{"start":{"line":134,"column":16},"end":{"line":134,"column":55},"skip":true},"39":{"start":{"line":137,"column":8},"end":{"line":146,"column":10},"skip":true},"40":{"start":{"line":144,"column":12},"end":{"line":144,"column":25},"skip":true},"41":{"start":{"line":145,"column":12},"end":{"line":145,"column":45},"skip":true},"42":{"start":{"line":148,"column":8},"end":{"line":157,"column":10},"skip":true},"43":{"start":{"line":155,"column":12},"end":{"line":155,"column":25},"skip":true},"44":{"start":{"line":156,"column":12},"end":{"line":156,"column":48},"skip":true},"45":{"start":{"line":159,"column":8},"end":{"line":168,"column":10},"skip":true},"46":{"start":{"line":166,"column":12},"end":{"line":166,"column":25},"skip":true},"47":{"start":{"line":167,"column":12},"end":{"line":167,"column":46},"skip":true},"48":{"start":{"line":170,"column":8},"end":{"line":179,"column":10},"skip":true},"49":{"start":{"line":177,"column":12},"end":{"line":177,"column":94},"skip":true},"50":{"start":{"line":178,"column":12},"end":{"line":178,"column":48},"skip":true},"51":{"start":{"line":182,"column":8},"end":{"line":182,"column":35},"skip":true},"52":{"start":{"line":183,"column":8},"end":{"line":183,"column":14},"skip":true}},"branchMap":{"1":{"line":25,"type":"binary-expr","locations":[{"start":{"line":25,"column":23},"end":{"line":25,"column":62}},{"start":{"line":26,"column":20},"end":{"line":26,"column":70}},{"start":{"line":27,"column":20},"end":{"line":27,"column":71}},{"start":{"line":28,"column":20},"end":{"line":28,"column":29}}]},"2":{"line":30,"type":"binary-expr","locations":[{"start":{"line":30,"column":23},"end":{"line":30,"column":37}},{"start":{"line":31,"column":20},"end":{"line":31,"column":61}},{"start":{"line":32,"column":20},"end":{"line":32,"column":70}},{"start":{"line":33,"column":20},"end":{"line":33,"column":26}}]},"3":{"line":37,"type":"cond-expr","locations":[{"start":{"line":38,"column":14},"end":{"line":38,"column":20}},{"start":{"line":39,"column":14},"end":{"line":39,"column":20}}]},"4":{"line":40,"type":"switch","locations":[{"start":{"line":42,"column":8},"end":{"line":47,"column":18}},{"start":{"line":49,"column":8},"end":{"line":52,"column":18}}]},"5":{"line":44,"type":"binary-expr","locations":[{"start":{"line":44,"column":16},"end":{"line":44,"column":44}},{"start":{"line":44,"column":48},"end":{"line":44,"column":66}}]},"6":{"line":50,"type":"binary-expr","locations":[{"start":{"line":50,"column":21},"end":{"line":50,"column":49}},{"start":{"line":50,"column":53},"end":{"line":50,"column":72}}]},"7":{"line":64,"type":"switch","locations":[{"start":{"line":69,"column":4},"end":{"line":70,"column":14}},{"start":{"line":75,"column":4},"end":{"line":76,"column":14}}]},"8":{"line":85,"type":"switch","locations":[{"start":{"line":90,"column":4},"end":{"line":95,"column":14}},{"start":{"line":101,"column":4},"end":{"line":183,"column":14},"skip":true}]},"9":{"line":92,"type":"binary-expr","locations":[{"start":{"line":92,"column":18},"end":{"line":92,"column":32}},{"start":{"line":93,"column":12},"end":{"line":93,"column":53}},{"start":{"line":94,"column":12},"end":{"line":94,"column":61}}]},"10":{"line":102,"type":"binary-expr","locations":[{"start":{"line":102,"column":45},"end":{"line":102,"column":79},"skip":true},{"start":{"line":102,"column":83},"end":{"line":111,"column":9},"skip":true}]},"11":{"line":113,"type":"binary-expr","locations":[{"start":{"line":113,"column":42},"end":{"line":113,"column":73},"skip":true},{"start":{"line":113,"column":77},"end":{"line":126,"column":9},"skip":true}]},"12":{"line":128,"type":"binary-expr","locations":[{"start":{"line":128,"column":48},"end":{"line":128,"column":85},"skip":true},{"start":{"line":129,"column":12},"end":{"line":135,"column":13},"skip":true}]},"13":{"line":137,"type":"binary-expr","locations":[{"start":{"line":137,"column":42},"end":{"line":137,"column":73},"skip":true},{"start":{"line":137,"column":77},"end":{"line":146,"column":9},"skip":true}]},"14":{"line":148,"type":"binary-expr","locations":[{"start":{"line":148,"column":45},"end":{"line":148,"column":79},"skip":true},{"start":{"line":148,"column":83},"end":{"line":157,"column":9},"skip":true}]},"15":{"line":159,"type":"binary-expr","locations":[{"start":{"line":159,"column":43},"end":{"line":159,"column":75},"skip":true},{"start":{"line":159,"column":79},"end":{"line":168,"column":9},"skip":true}]},"16":{"line":170,"type":"binary-expr","locations":[{"start":{"line":170,"column":41},"end":{"line":170,"column":71},"skip":true},{"start":{"line":170,"column":75},"end":{"line":179,"column":9},"skip":true}]}},"code":["/* istanbul instrument in package npmtest_firebase_queue */","/*jslint","    bitwise: true,","    browser: true,","    maxerr: 8,","    maxlen: 96,","    node: true,","    nomen: true,","    regexp: true,","    stupid: true","*/","(function () {","    'use strict';","    var local;","","","","    // run shared js-env code - pre-init","    (function () {","        // init local","        local = {};","        // init modeJs","        local.modeJs = (function () {","            try {","                return typeof navigator.userAgent === 'string' &&","                    typeof document.querySelector('body') === 'object' &&","                    typeof XMLHttpRequest.prototype.open === 'function' &&","                    'browser';","            } catch (errorCaughtBrowser) {","                return module.exports &&","                    typeof process.versions.node === 'string' &&","                    typeof require('http').createServer === 'function' &&","                    'node';","            }","        }());","        // init global","        local.global = local.modeJs === 'browser'","            ? window","            : global;","        switch (local.modeJs) {","        // re-init local from window.local","        case 'browser':","            local = local.global.utility2.objectSetDefault(","                local.global.utility2_rollup || local.global.local,","                local.global.utility2","            );","            break;","        // re-init local from example.js","        case 'node':","            local = (local.global.utility2_rollup || require('utility2'))","                .requireExampleJsFromReadme();","            break;","        }","        // export local","        local.global.local = local;","    }());","","","","    // run shared js-env code - function","    (function () {","        return;","    }());","    switch (local.modeJs) {","","","","    // run browser js-env code - function","    case 'browser':","        break;","","","","    // run node js-env code - function","    case 'node':","        break;","    }","","","","    // run shared js-env code - post-init","    (function () {","        return;","    }());","    switch (local.modeJs) {","","","","    // run browser js-env code - post-init","    case 'browser':","        // run tests","        local.nop(local.modeTest &&","            document.querySelector('#testRunButton1') &&","            document.querySelector('#testRunButton1').click());","        break;","","","","    // run node js-env code - post-init","    /* istanbul ignore next */","    case 'node':","        local.testCase_buildApidoc_default = local.testCase_buildApidoc_default || function (","            options,","            onError","        ) {","        /*","         * this function will test buildApidoc's default handling-behavior-behavior","         */","            options = { modulePathList: module.paths };","            local.buildApidoc(options, onError);","        };","","        local.testCase_buildApp_default = local.testCase_buildApp_default || function (","            options,","            onError","        ) {","        /*","         * this function will test buildApp's default handling-behavior-behavior","         */","            local.testCase_buildReadme_default(options, local.onErrorThrow);","            local.testCase_buildLib_default(options, local.onErrorThrow);","            local.testCase_buildTest_default(options, local.onErrorThrow);","            local.testCase_buildCustomOrg_default(options, local.onErrorThrow);","            options = [];","            local.buildApp(options, onError);","        };","","        local.testCase_buildCustomOrg_default = local.testCase_buildCustomOrg_default ||","            function (options, onError) {","            /*","             * this function will test buildCustomOrg's default handling-behavior","             */","                options = {};","                local.buildCustomOrg(options, onError);","            };","","        local.testCase_buildLib_default = local.testCase_buildLib_default || function (","            options,","            onError","        ) {","        /*","         * this function will test buildLib's default handling-behavior","         */","            options = {};","            local.buildLib(options, onError);","        };","","        local.testCase_buildReadme_default = local.testCase_buildReadme_default || function (","            options,","            onError","        ) {","        /*","         * this function will test buildReadme's default handling-behavior-behavior","         */","            options = {};","            local.buildReadme(options, onError);","        };","","        local.testCase_buildTest_default = local.testCase_buildTest_default || function (","            options,","            onError","        ) {","        /*","         * this function will test buildTest's default handling-behavior","         */","            options = {};","            local.buildTest(options, onError);","        };","","        local.testCase_webpage_default = local.testCase_webpage_default || function (","            options,","            onError","        ) {","        /*","         * this function will test webpage's default handling-behavior","         */","            options = { modeCoverageMerge: true, url: local.serverLocalHost + '?modeTest=1' };","            local.browserTest(options, onError);","        };","","        // run test-server","        local.testRunServer(local);","        break;","    }","}());",""],"l":{"12":2,"14":2,"19":2,"21":2,"23":2,"24":2,"25":2,"30":1,"37":2,"40":2,"43":1,"47":1,"50":1,"52":1,"55":2,"61":2,"62":2,"64":2,"70":1,"76":1,"82":2,"83":2,"85":2,"92":1,"95":1,"102":1,"109":1,"110":1,"113":1,"120":1,"121":1,"122":1,"123":1,"124":1,"125":1,"128":1,"133":2,"134":2,"137":1,"144":2,"145":2,"148":1,"155":2,"156":2,"159":1,"166":2,"167":2,"170":1,"177":1,"178":1,"182":1,"183":1}},"/home/travis/build/npmtest/node-npmtest-firebase-queue/lib.npmtest_firebase_queue.js":{"path":"/home/travis/build/npmtest/node-npmtest-firebase-queue/lib.npmtest_firebase_queue.js","s":{"1":2,"2":2,"3":2,"4":2,"5":2,"6":2,"7":2,"8":1,"9":2,"10":2,"11":2,"12":2,"13":1,"14":1,"15":1,"16":1},"b":{"1":[2,1,1,1],"2":[1,1,1,1],"3":[1,1],"4":[2,2],"5":[1,1]},"f":{"1":2,"2":2,"3":2},"fnMap":{"1":{"name":"(anonymous_1)","line":12,"loc":{"start":{"line":12,"column":1},"end":{"line":12,"column":13}}},"2":{"name":"(anonymous_2)","line":19,"loc":{"start":{"line":19,"column":5},"end":{"line":19,"column":17}}},"3":{"name":"(anonymous_3)","line":23,"loc":{"start":{"line":23,"column":24},"end":{"line":23,"column":36}}}},"statementMap":{"1":{"start":{"line":12,"column":0},"end":{"line":53,"column":5}},"2":{"start":{"line":14,"column":4},"end":{"line":14,"column":14}},"3":{"start":{"line":19,"column":4},"end":{"line":52,"column":9}},"4":{"start":{"line":21,"column":8},"end":{"line":21,"column":19}},"5":{"start":{"line":23,"column":8},"end":{"line":35,"column":13}},"6":{"start":{"line":24,"column":12},"end":{"line":34,"column":13}},"7":{"start":{"line":25,"column":16},"end":{"line":28,"column":30}},"8":{"start":{"line":30,"column":16},"end":{"line":33,"column":27}},"9":{"start":{"line":37,"column":8},"end":{"line":39,"column":21}},"10":{"start":{"line":41,"column":8},"end":{"line":41,"column":54}},"11":{"start":{"line":43,"column":8},"end":{"line":43,"column":59}},"12":{"start":{"line":45,"column":8},"end":{"line":51,"column":9}},"13":{"start":{"line":46,"column":12},"end":{"line":46,"column":65}},"14":{"start":{"line":48,"column":12},"end":{"line":48,"column":35}},"15":{"start":{"line":49,"column":12},"end":{"line":49,"column":49}},"16":{"start":{"line":50,"column":12},"end":{"line":50,"column":43}}},"branchMap":{"1":{"line":25,"type":"binary-expr","locations":[{"start":{"line":25,"column":23},"end":{"line":25,"column":62}},{"start":{"line":26,"column":20},"end":{"line":26,"column":70}},{"start":{"line":27,"column":20},"end":{"line":27,"column":71}},{"start":{"line":28,"column":20},"end":{"line":28,"column":29}}]},"2":{"line":30,"type":"binary-expr","locations":[{"start":{"line":30,"column":23},"end":{"line":30,"column":37}},{"start":{"line":31,"column":20},"end":{"line":31,"column":61}},{"start":{"line":32,"column":20},"end":{"line":32,"column":70}},{"start":{"line":33,"column":20},"end":{"line":33,"column":26}}]},"3":{"line":37,"type":"cond-expr","locations":[{"start":{"line":38,"column":14},"end":{"line":38,"column":20}},{"start":{"line":39,"column":14},"end":{"line":39,"column":20}}]},"4":{"line":41,"type":"binary-expr","locations":[{"start":{"line":41,"column":16},"end":{"line":41,"column":44}},{"start":{"line":41,"column":48},"end":{"line":41,"column":53}}]},"5":{"line":45,"type":"if","locations":[{"start":{"line":45,"column":8},"end":{"line":45,"column":8}},{"start":{"line":45,"column":8},"end":{"line":45,"column":8}}]}},"code":["/* istanbul instrument in package npmtest_firebase_queue */","/*jslint","    bitwise: true,","    browser: true,","    maxerr: 8,","    maxlen: 96,","    node: true,","    nomen: true,","    regexp: true,","    stupid: true","*/","(function () {","    'use strict';","    var local;","","","","    // run shared js-env code - pre-init","    (function () {","        // init local","        local = {};","        // init modeJs","        local.modeJs = (function () {","            try {","                return typeof navigator.userAgent === 'string' &&","                    typeof document.querySelector('body') === 'object' &&","                    typeof XMLHttpRequest.prototype.open === 'function' &&","                    'browser';","            } catch (errorCaughtBrowser) {","                return module.exports &&","                    typeof process.versions.node === 'string' &&","                    typeof require('http').createServer === 'function' &&","                    'node';","            }","        }());","        // init global","        local.global = local.modeJs === 'browser'","            ? window","            : global;","        // init utility2_rollup","        local = local.global.utility2_rollup || local;","        // init lib","        local.local = local.npmtest_firebase_queue = local;","        // init exports","        if (local.modeJs === 'browser') {","            local.global.utility2_npmtest_firebase_queue = local;","        } else {","            module.exports = local;","            module.exports.__dirname = __dirname;","            module.exports.module = module;","        }","    }());","}());",""],"l":{"12":2,"14":2,"19":2,"21":2,"23":2,"24":2,"25":2,"30":1,"37":2,"41":2,"43":2,"45":2,"46":1,"48":1,"49":1,"50":1}},"/home/travis/build/npmtest/node-npmtest-firebase-queue/example.js":{"path":"/home/travis/build/npmtest/node-npmtest-firebase-queue/example.js","s":{"1":2,"2":2,"3":2,"4":2,"5":2,"6":2,"7":2,"8":1,"9":2,"10":2,"11":2,"12":2,"13":1,"14":2,"15":2,"16":2,"17":2,"18":2,"19":0,"20":2,"21":1,"22":1,"23":1,"24":1,"25":1,"26":0,"27":0,"28":1,"29":1,"30":2,"31":0,"32":0,"33":0,"34":1,"35":2,"36":2,"37":2,"38":2,"39":2,"40":2,"41":0,"42":2,"43":2,"44":2,"45":1,"46":3,"47":1,"48":1,"49":1,"50":1,"51":1,"52":1,"53":1,"54":1,"55":1,"56":1,"57":0,"58":1,"59":6,"60":6,"61":1,"62":2,"63":0,"64":2,"65":1,"66":1,"67":0,"68":0,"69":0,"70":0,"71":0,"72":0,"73":0,"74":0,"75":0,"76":0,"77":0,"78":0,"79":0,"80":0,"81":0,"82":0,"83":0},"b":{"1":[2,1,1,1],"2":[1,1,1,1],"3":[1,1],"4":[2,2],"5":[1,1],"6":[1,1],"7":[2,0],"8":[2,1,1,1,1,1],"9":[0,2,0],"10":[1,1],"11":[2,1,1],"12":[1,0],"13":[0,2],"14":[2,0,0,0,0,0,0],"15":[0,2],"16":[2,0],"17":[1,1],"18":[0,1],"19":[1,2,0,2],"20":[1,0],"21":[1,1],"22":[0,0],"23":[0,0],"24":[0,0],"25":[0,0],"26":[0,0],"27":[0,0],"28":[0,0]},"f":{"1":2,"2":2,"3":2,"4":2,"5":2,"6":2,"7":2,"8":2,"9":3,"10":1,"11":6,"12":0},"fnMap":{"1":{"name":"(anonymous_1)","line":26,"loc":{"start":{"line":26,"column":1},"end":{"line":26,"column":13}}},"2":{"name":"(anonymous_2)","line":33,"loc":{"start":{"line":33,"column":5},"end":{"line":33,"column":17}}},"3":{"name":"(anonymous_3)","line":37,"loc":{"start":{"line":37,"column":24},"end":{"line":37,"column":36}}},"4":{"name":"(anonymous_4)","line":69,"loc":{"start":{"line":69,"column":31},"end":{"line":69,"column":48}},"skip":true},"5":{"name":"(anonymous_5)","line":78,"loc":{"start":{"line":78,"column":26},"end":{"line":78,"column":45}},"skip":true},"6":{"name":"(anonymous_6)","line":123,"loc":{"start":{"line":123,"column":33},"end":{"line":123,"column":48}},"skip":true},"7":{"name":"(anonymous_7)","line":125,"loc":{"start":{"line":125,"column":27},"end":{"line":125,"column":39}},"skip":true},"8":{"name":"(anonymous_8)","line":133,"loc":{"start":{"line":133,"column":59},"end":{"line":133,"column":74}},"skip":true},"9":{"name":"(anonymous_9)","line":143,"loc":{"start":{"line":143,"column":45},"end":{"line":143,"column":62}},"skip":true},"10":{"name":"(anonymous_10)","line":144,"loc":{"start":{"line":144,"column":73},"end":{"line":144,"column":92}},"skip":true},"11":{"name":"(anonymous_11)","line":272,"loc":{"start":{"line":272,"column":51},"end":{"line":272,"column":77}},"skip":true},"12":{"name":"(anonymous_12)","line":314,"loc":{"start":{"line":314,"column":32},"end":{"line":314,"column":61}},"skip":true}},"statementMap":{"1":{"start":{"line":26,"column":0},"end":{"line":325,"column":5}},"2":{"start":{"line":28,"column":4},"end":{"line":28,"column":14}},"3":{"start":{"line":33,"column":4},"end":{"line":60,"column":9}},"4":{"start":{"line":35,"column":8},"end":{"line":35,"column":19}},"5":{"start":{"line":37,"column":8},"end":{"line":49,"column":13}},"6":{"start":{"line":38,"column":12},"end":{"line":48,"column":13}},"7":{"start":{"line":39,"column":16},"end":{"line":42,"column":30}},"8":{"start":{"line":44,"column":16},"end":{"line":47,"column":27}},"9":{"start":{"line":51,"column":8},"end":{"line":53,"column":21}},"10":{"start":{"line":55,"column":8},"end":{"line":57,"column":45}},"11":{"start":{"line":59,"column":8},"end":{"line":59,"column":35}},"12":{"start":{"line":61,"column":4},"end":{"line":324,"column":5}},"13":{"start":{"line":69,"column":8},"end":{"line":121,"column":10},"skip":true},"14":{"start":{"line":70,"column":12},"end":{"line":88,"column":13},"skip":true},"15":{"start":{"line":76,"column":16},"end":{"line":87,"column":19},"skip":true},"16":{"start":{"line":79,"column":20},"end":{"line":86,"column":21},"skip":true},"17":{"start":{"line":82,"column":24},"end":{"line":82,"column":43},"skip":true},"18":{"start":{"line":83,"column":24},"end":{"line":83,"column":30},"skip":true},"19":{"start":{"line":85,"column":24},"end":{"line":85,"column":49},"skip":true},"20":{"start":{"line":89,"column":12},"end":{"line":107,"column":13},"skip":true},"21":{"start":{"line":92,"column":16},"end":{"line":102,"column":17},"skip":true},"22":{"start":{"line":93,"column":20},"end":{"line":93,"column":86},"skip":true},"23":{"start":{"line":94,"column":20},"end":{"line":95,"column":45},"skip":true},"24":{"start":{"line":96,"column":20},"end":{"line":96,"column":42},"skip":true},"25":{"start":{"line":97,"column":20},"end":{"line":97,"column":48},"skip":true},"26":{"start":{"line":100,"column":20},"end":{"line":100,"column":85},"skip":true},"27":{"start":{"line":101,"column":20},"end":{"line":101,"column":96},"skip":true},"28":{"start":{"line":103,"column":16},"end":{"line":103,"column":22},"skip":true},"29":{"start":{"line":106,"column":16},"end":{"line":106,"column":22},"skip":true},"30":{"start":{"line":108,"column":12},"end":{"line":120,"column":13},"skip":true},"31":{"start":{"line":114,"column":16},"end":{"line":119,"column":17},"skip":true},"32":{"start":{"line":116,"column":20},"end":{"line":116,"column":78},"skip":true},"33":{"start":{"line":118,"column":20},"end":{"line":118,"column":47},"skip":true},"34":{"start":{"line":123,"column":8},"end":{"line":141,"column":11},"skip":true},"35":{"start":{"line":124,"column":12},"end":{"line":124,"column":54},"skip":true},"36":{"start":{"line":125,"column":12},"end":{"line":140,"column":14},"skip":true},"37":{"start":{"line":126,"column":16},"end":{"line":126,"column":28},"skip":true},"38":{"start":{"line":127,"column":16},"end":{"line":127,"column":69},"skip":true},"39":{"start":{"line":128,"column":16},"end":{"line":128,"column":75},"skip":true},"40":{"start":{"line":129,"column":16},"end":{"line":131,"column":17},"skip":true},"41":{"start":{"line":130,"column":20},"end":{"line":130,"column":27},"skip":true},"42":{"start":{"line":133,"column":16},"end":{"line":137,"column":36},"skip":true},"43":{"start":{"line":134,"column":20},"end":{"line":136,"column":55},"skip":true},"44":{"start":{"line":139,"column":16},"end":{"line":139,"column":57},"skip":true},"45":{"start":{"line":143,"column":8},"end":{"line":147,"column":11},"skip":true},"46":{"start":{"line":144,"column":12},"end":{"line":146,"column":15},"skip":true},"47":{"start":{"line":145,"column":16},"end":{"line":145,"column":70},"skip":true},"48":{"start":{"line":149,"column":8},"end":{"line":149,"column":31},"skip":true},"49":{"start":{"line":150,"column":8},"end":{"line":150,"column":14},"skip":true},"50":{"start":{"line":158,"column":8},"end":{"line":158,"column":31},"skip":true},"51":{"start":{"line":160,"column":8},"end":{"line":160,"column":33},"skip":true},"52":{"start":{"line":161,"column":8},"end":{"line":161,"column":37},"skip":true},"53":{"start":{"line":162,"column":8},"end":{"line":162,"column":35},"skip":true},"54":{"start":{"line":164,"column":8},"end":{"line":164,"column":50},"skip":true},"55":{"start":{"line":166,"column":8},"end":{"line":256,"column":2},"skip":true},"56":{"start":{"line":258,"column":8},"end":{"line":286,"column":9},"skip":true},"57":{"start":{"line":259,"column":12},"end":{"line":269,"column":14},"skip":true},"58":{"start":{"line":271,"column":12},"end":{"line":285,"column":19},"skip":true},"59":{"start":{"line":274,"column":20},"end":{"line":274,"column":35},"skip":true},"60":{"start":{"line":275,"column":20},"end":{"line":284,"column":21},"skip":true},"61":{"start":{"line":277,"column":24},"end":{"line":277,"column":64},"skip":true},"62":{"start":{"line":279,"column":24},"end":{"line":279,"column":40},"skip":true},"63":{"start":{"line":281,"column":24},"end":{"line":281,"column":40},"skip":true},"64":{"start":{"line":283,"column":24},"end":{"line":283,"column":39},"skip":true},"65":{"start":{"line":288,"column":8},"end":{"line":290,"column":9},"skip":true},"66":{"start":{"line":289,"column":12},"end":{"line":289,"column":18},"skip":true},"67":{"start":{"line":291,"column":8},"end":{"line":293,"column":54},"skip":true},"68":{"start":{"line":294,"column":8},"end":{"line":301,"column":37},"skip":true},"69":{"start":{"line":302,"column":8},"end":{"line":302,"column":82},"skip":true},"70":{"start":{"line":305,"column":8},"end":{"line":307,"column":9},"skip":true},"71":{"start":{"line":306,"column":12},"end":{"line":306,"column":82},"skip":true},"72":{"start":{"line":309,"column":8},"end":{"line":311,"column":9},"skip":true},"73":{"start":{"line":310,"column":12},"end":{"line":310,"column":18},"skip":true},"74":{"start":{"line":312,"column":8},"end":{"line":312,"column":54},"skip":true},"75":{"start":{"line":313,"column":8},"end":{"line":313,"column":69},"skip":true},"76":{"start":{"line":314,"column":8},"end":{"line":322,"column":36},"skip":true},"77":{"start":{"line":315,"column":12},"end":{"line":315,"column":61},"skip":true},"78":{"start":{"line":316,"column":12},"end":{"line":319,"column":13},"skip":true},"79":{"start":{"line":317,"column":16},"end":{"line":317,"column":75},"skip":true},"80":{"start":{"line":318,"column":16},"end":{"line":318,"column":23},"skip":true},"81":{"start":{"line":320,"column":12},"end":{"line":320,"column":38},"skip":true},"82":{"start":{"line":321,"column":12},"end":{"line":321,"column":27},"skip":true},"83":{"start":{"line":323,"column":8},"end":{"line":323,"column":14},"skip":true}},"branchMap":{"1":{"line":39,"type":"binary-expr","locations":[{"start":{"line":39,"column":23},"end":{"line":39,"column":62}},{"start":{"line":40,"column":20},"end":{"line":40,"column":70}},{"start":{"line":41,"column":20},"end":{"line":41,"column":71}},{"start":{"line":42,"column":20},"end":{"line":42,"column":29}}]},"2":{"line":44,"type":"binary-expr","locations":[{"start":{"line":44,"column":23},"end":{"line":44,"column":37}},{"start":{"line":45,"column":20},"end":{"line":45,"column":61}},{"start":{"line":46,"column":20},"end":{"line":46,"column":70}},{"start":{"line":47,"column":20},"end":{"line":47,"column":26}}]},"3":{"line":51,"type":"cond-expr","locations":[{"start":{"line":52,"column":14},"end":{"line":52,"column":20}},{"start":{"line":53,"column":14},"end":{"line":53,"column":20}}]},"4":{"line":55,"type":"binary-expr","locations":[{"start":{"line":55,"column":16},"end":{"line":55,"column":44}},{"start":{"line":55,"column":49},"end":{"line":57,"column":43}}]},"5":{"line":55,"type":"cond-expr","locations":[{"start":{"line":56,"column":14},"end":{"line":56,"column":58}},{"start":{"line":57,"column":14},"end":{"line":57,"column":43}}]},"6":{"line":61,"type":"switch","locations":[{"start":{"line":68,"column":4},"end":{"line":150,"column":14},"skip":true},{"start":{"line":156,"column":4},"end":{"line":323,"column":14},"skip":true}]},"7":{"line":70,"type":"if","locations":[{"start":{"line":70,"column":12},"end":{"line":70,"column":12},"skip":true},{"start":{"line":70,"column":12},"end":{"line":70,"column":12},"skip":true}]},"8":{"line":70,"type":"binary-expr","locations":[{"start":{"line":70,"column":16},"end":{"line":70,"column":22},"skip":true},{"start":{"line":70,"column":27},"end":{"line":70,"column":32},"skip":true},{"start":{"line":71,"column":20},"end":{"line":71,"column":39},"skip":true},{"start":{"line":72,"column":20},"end":{"line":72,"column":49},"skip":true},{"start":{"line":73,"column":20},"end":{"line":73,"column":58},"skip":true},{"start":{"line":74,"column":20},"end":{"line":74,"column":69},"skip":true}]},"9":{"line":79,"type":"switch","locations":[{"start":{"line":80,"column":20},"end":{"line":80,"column":33},"skip":true},{"start":{"line":81,"column":20},"end":{"line":83,"column":30},"skip":true},{"start":{"line":84,"column":20},"end":{"line":85,"column":49},"skip":true}]},"10":{"line":89,"type":"switch","locations":[{"start":{"line":90,"column":12},"end":{"line":103,"column":22},"skip":true},{"start":{"line":105,"column":12},"end":{"line":106,"column":22},"skip":true}]},"11":{"line":89,"type":"binary-expr","locations":[{"start":{"line":89,"column":20},"end":{"line":89,"column":25},"skip":true},{"start":{"line":89,"column":29},"end":{"line":89,"column":48},"skip":true},{"start":{"line":89,"column":52},"end":{"line":89,"column":74},"skip":true}]},"12":{"line":92,"type":"if","locations":[{"start":{"line":92,"column":16},"end":{"line":92,"column":16},"skip":true},{"start":{"line":92,"column":16},"end":{"line":92,"column":16},"skip":true}]},"13":{"line":108,"type":"if","locations":[{"start":{"line":108,"column":12},"end":{"line":108,"column":12},"skip":true},{"start":{"line":108,"column":12},"end":{"line":108,"column":12},"skip":true}]},"14":{"line":108,"type":"binary-expr","locations":[{"start":{"line":108,"column":16},"end":{"line":108,"column":61},"skip":true},{"start":{"line":108,"column":66},"end":{"line":108,"column":72},"skip":true},{"start":{"line":108,"column":77},"end":{"line":108,"column":82},"skip":true},{"start":{"line":109,"column":20},"end":{"line":109,"column":39},"skip":true},{"start":{"line":110,"column":20},"end":{"line":110,"column":49},"skip":true},{"start":{"line":111,"column":20},"end":{"line":111,"column":58},"skip":true},{"start":{"line":112,"column":20},"end":{"line":112,"column":68},"skip":true}]},"15":{"line":129,"type":"if","locations":[{"start":{"line":129,"column":16},"end":{"line":129,"column":16},"skip":true},{"start":{"line":129,"column":16},"end":{"line":129,"column":16},"skip":true}]},"16":{"line":134,"type":"cond-expr","locations":[{"start":{"line":135,"column":26},"end":{"line":135,"column":29},"skip":true},{"start":{"line":136,"column":26},"end":{"line":136,"column":54},"skip":true}]},"17":{"line":164,"type":"binary-expr","locations":[{"start":{"line":164,"column":27},"end":{"line":164,"column":43},"skip":true},{"start":{"line":164,"column":47},"end":{"line":164,"column":49},"skip":true}]},"18":{"line":258,"type":"if","locations":[{"start":{"line":258,"column":8},"end":{"line":258,"column":8},"skip":true},{"start":{"line":258,"column":8},"end":{"line":258,"column":8},"skip":true}]},"19":{"line":275,"type":"switch","locations":[{"start":{"line":276,"column":20},"end":{"line":277,"column":64},"skip":true},{"start":{"line":278,"column":20},"end":{"line":279,"column":40},"skip":true},{"start":{"line":280,"column":20},"end":{"line":281,"column":40},"skip":true},{"start":{"line":282,"column":20},"end":{"line":283,"column":39},"skip":true}]},"20":{"line":288,"type":"if","locations":[{"start":{"line":288,"column":8},"end":{"line":288,"column":8},"skip":true},{"start":{"line":288,"column":8},"end":{"line":288,"column":8},"skip":true}]},"21":{"line":288,"type":"binary-expr","locations":[{"start":{"line":288,"column":12},"end":{"line":288,"column":40},"skip":true},{"start":{"line":288,"column":44},"end":{"line":288,"column":67},"skip":true}]},"22":{"line":292,"type":"binary-expr","locations":[{"start":{"line":292,"column":12},"end":{"line":292,"column":50},"skip":true},{"start":{"line":293,"column":12},"end":{"line":293,"column":53},"skip":true}]},"23":{"line":295,"type":"binary-expr","locations":[{"start":{"line":295,"column":12},"end":{"line":295,"column":72},"skip":true},{"start":{"line":296,"column":12},"end":{"line":301,"column":36},"skip":true}]},"24":{"line":302,"type":"binary-expr","locations":[{"start":{"line":302,"column":43},"end":{"line":302,"column":75},"skip":true},{"start":{"line":302,"column":79},"end":{"line":302,"column":81},"skip":true}]},"25":{"line":305,"type":"if","locations":[{"start":{"line":305,"column":8},"end":{"line":305,"column":8},"skip":true},{"start":{"line":305,"column":8},"end":{"line":305,"column":8},"skip":true}]},"26":{"line":309,"type":"if","locations":[{"start":{"line":309,"column":8},"end":{"line":309,"column":8},"skip":true},{"start":{"line":309,"column":8},"end":{"line":309,"column":8},"skip":true}]},"27":{"line":312,"type":"binary-expr","locations":[{"start":{"line":312,"column":27},"end":{"line":312,"column":43},"skip":true},{"start":{"line":312,"column":47},"end":{"line":312,"column":53},"skip":true}]},"28":{"line":316,"type":"if","locations":[{"start":{"line":316,"column":12},"end":{"line":316,"column":12},"skip":true},{"start":{"line":316,"column":12},"end":{"line":316,"column":12},"skip":true}]}},"code":["/*","example.js","","quickstart example","","instruction","    1. save this script as example.js","    2. run the shell command:","        $ npm install npmtest-firebase-queue && PORT=8081 node example.js","    3. play with the browser-demo on http://127.0.0.1:8081","*/","","","","/* istanbul instrument in package npmtest_firebase_queue */","/*jslint","    bitwise: true,","    browser: true,","    maxerr: 8,","    maxlen: 96,","    node: true,","    nomen: true,","    regexp: true,","    stupid: true","*/","(function () {","    'use strict';","    var local;","","","","    // run shared js-env code - pre-init","    (function () {","        // init local","        local = {};","        // init modeJs","        local.modeJs = (function () {","            try {","                return typeof navigator.userAgent === 'string' &&","                    typeof document.querySelector('body') === 'object' &&","                    typeof XMLHttpRequest.prototype.open === 'function' &&","                    'browser';","            } catch (errorCaughtBrowser) {","                return module.exports &&","                    typeof process.versions.node === 'string' &&","                    typeof require('http').createServer === 'function' &&","                    'node';","            }","        }());","        // init global","        local.global = local.modeJs === 'browser'","            ? window","            : global;","        // init utility2_rollup","        local = local.global.utility2_rollup || (local.modeJs === 'browser'","            ? local.global.utility2_npmtest_firebase_queue","            : global.utility2_moduleExports);","        // export local","        local.global.local = local;","    }());","    switch (local.modeJs) {","","","","    // post-init","    // run browser js-env code - post-init","    /* istanbul ignore next */","    case 'browser':","        local.testRunBrowser = function (event) {","            if (!event || (event &&","                    event.currentTarget &&","                    event.currentTarget.className &&","                    event.currentTarget.className.includes &&","                    event.currentTarget.className.includes('onreset'))) {","                // reset output","                Array.from(","                    document.querySelectorAll('body > .resettable')","                ).forEach(function (element) {","                    switch (element.tagName) {","                    case 'INPUT':","                    case 'TEXTAREA':","                        element.value = '';","                        break;","                    default:","                        element.textContent = '';","                    }","                });","            }","            switch (event && event.currentTarget && event.currentTarget.id) {","            case 'testRunButton1':","                // show tests","                if (document.querySelector('#testReportDiv1').style.display === 'none') {","                    document.querySelector('#testReportDiv1').style.display = 'block';","                    document.querySelector('#testRunButton1').textContent =","                        'hide internal test';","                    local.modeTest = true;","                    local.testRunDefault(local);","                // hide tests","                } else {","                    document.querySelector('#testReportDiv1').style.display = 'none';","                    document.querySelector('#testRunButton1').textContent = 'run internal test';","                }","                break;","            // custom-case","            default:","                break;","            }","            if (document.querySelector('#inputTextareaEval1') && (!event || (event &&","                    event.currentTarget &&","                    event.currentTarget.className &&","                    event.currentTarget.className.includes &&","                    event.currentTarget.className.includes('oneval')))) {","                // try to eval input-code","                try {","                    /*jslint evil: true*/","                    eval(document.querySelector('#inputTextareaEval1').value);","                } catch (errorCaught) {","                    console.error(errorCaught);","                }","            }","        };","        // log stderr and stdout to #outputTextareaStdout1","        ['error', 'log'].forEach(function (key) {","            console[key + '_original'] = console[key];","            console[key] = function () {","                var element;","                console[key + '_original'].apply(console, arguments);","                element = document.querySelector('#outputTextareaStdout1');","                if (!element) {","                    return;","                }","                // append text to #outputTextareaStdout1","                element.value += Array.from(arguments).map(function (arg) {","                    return typeof arg === 'string'","                        ? arg","                        : JSON.stringify(arg, null, 4);","                }).join(' ') + '\\n';","                // scroll textarea to bottom","                element.scrollTop = element.scrollHeight;","            };","        });","        // init event-handling","        ['change', 'click', 'keyup'].forEach(function (event) {","            Array.from(document.querySelectorAll('.on' + event)).forEach(function (element) {","                element.addEventListener(event, local.testRunBrowser);","            });","        });","        // run tests","        local.testRunBrowser();","        break;","","","","    // run node js-env code - post-init","    /* istanbul ignore next */","    case 'node':","        // export local","        module.exports = local;","        // require modules","        local.fs = require('fs');","        local.http = require('http');","        local.url = require('url');","        // init assets","        local.assetsDict = local.assetsDict || {};","        /* jslint-ignore-begin */","        local.assetsDict['/assets.index.template.html'] = '\\","<!doctype html>\\n\\","<html lang=\"en\">\\n\\","<head>\\n\\","<meta charset=\"UTF-8\">\\n\\","<meta name=\"viewport\" content=\"width=device-width, initial-scale=1\">\\n\\","<title>{{env.npm_package_name}} (v{{env.npm_package_version}})</title>\\n\\","<style>\\n\\","/*csslint\\n\\","    box-sizing: false,\\n\\","    universal-selector: false\\n\\","*/\\n\\","* {\\n\\","    box-sizing: border-box;\\n\\","}\\n\\","body {\\n\\","    background: #dde;\\n\\","    font-family: Arial, Helvetica, sans-serif;\\n\\","    margin: 2rem;\\n\\","}\\n\\","body > * {\\n\\","    margin-bottom: 1rem;\\n\\","}\\n\\",".utility2FooterDiv {\\n\\","    margin-top: 20px;\\n\\","    text-align: center;\\n\\","}\\n\\","</style>\\n\\","<style>\\n\\","/*csslint\\n\\","*/\\n\\","textarea {\\n\\","    font-family: monospace;\\n\\","    height: 10rem;\\n\\","    width: 100%;\\n\\","}\\n\\","textarea[readonly] {\\n\\","    background: #ddd;\\n\\","}\\n\\","</style>\\n\\","</head>\\n\\","<body>\\n\\","<!-- utility2-comment\\n\\","<div id=\"ajaxProgressDiv1\" style=\"background: #d00; height: 2px; left: 0; margin: 0; padding: 0; position: fixed; top: 0; transition: background 0.5s, width 1.5s; width: 25%;\"></div>\\n\\","utility2-comment -->\\n\\","<h1>\\n\\","<!-- utility2-comment\\n\\","    <a\\n\\","        {{#if env.npm_package_homepage}}\\n\\","        href=\"{{env.npm_package_homepage}}\"\\n\\","        {{/if env.npm_package_homepage}}\\n\\","        target=\"_blank\"\\n\\","    >\\n\\","utility2-comment -->\\n\\","        {{env.npm_package_name}} (v{{env.npm_package_version}})\\n\\","<!-- utility2-comment\\n\\","    </a>\\n\\","utility2-comment -->\\n\\","</h1>\\n\\","<h3>{{env.npm_package_description}}</h3>\\n\\","<!-- utility2-comment\\n\\","<h4><a download href=\"assets.app.js\">download standalone app</a></h4>\\n\\","<button class=\"onclick onreset\" id=\"testRunButton1\">run internal test</button><br>\\n\\","<div id=\"testReportDiv1\" style=\"display: none;\"></div>\\n\\","utility2-comment -->\\n\\","\\n\\","\\n\\","\\n\\","<label>stderr and stdout</label>\\n\\","<textarea class=\"resettable\" id=\"outputTextareaStdout1\" readonly></textarea>\\n\\","<!-- utility2-comment\\n\\","{{#if isRollup}}\\n\\","<script src=\"assets.app.js\"></script>\\n\\","{{#unless isRollup}}\\n\\","utility2-comment -->\\n\\","<script src=\"assets.utility2.rollup.js\"></script>\\n\\","<script src=\"jsonp.utility2._stateInit?callback=window.utility2._stateInit\"></script>\\n\\","<script src=\"assets.npmtest_firebase_queue.rollup.js\"></script>\\n\\","<script src=\"assets.example.js\"></script>\\n\\","<script src=\"assets.test.js\"></script>\\n\\","<!-- utility2-comment\\n\\","{{/if isRollup}}\\n\\","utility2-comment -->\\n\\","<div class=\"utility2FooterDiv\">\\n\\","    [ this app was created with\\n\\","    <a href=\"https://github.com/kaizhu256/node-utility2\" target=\"_blank\">utility2</a>\\n\\","    ]\\n\\","</div>\\n\\","</body>\\n\\","</html>\\n\\","';","        /* jslint-ignore-end */","        if (local.templateRender) {","            local.assetsDict['/'] = local.templateRender(","                local.assetsDict['/assets.index.template.html'],","                {","                    env: local.objectSetDefault(local.env, {","                        npm_package_description: 'the greatest app in the world!',","                        npm_package_name: 'my-app',","                        npm_package_nameAlias: 'my_app',","                        npm_package_version: '0.0.1'","                    })","                }","            );","        } else {","            local.assetsDict['/'] = local.assetsDict['/assets.index.template.html']","                .replace((/\\{\\{env\\.(\\w+?)\\}\\}/g), function (match0, match1) {","                    // jslint-hack","                    String(match0);","                    switch (match1) {","                    case 'npm_package_description':","                        return 'the greatest app in the world!';","                    case 'npm_package_name':","                        return 'my-app';","                    case 'npm_package_nameAlias':","                        return 'my_app';","                    case 'npm_package_version':","                        return '0.0.1';","                    }","                });","        }","        // run the cli","        if (local.global.utility2_rollup || module !== require.main) {","            break;","        }","        local.assetsDict['/assets.example.js'] =","            local.assetsDict['/assets.example.js'] ||","            local.fs.readFileSync(__filename, 'utf8');","        local.assetsDict['/assets.npmtest_firebase_queue.rollup.js'] =","            local.assetsDict['/assets.npmtest_firebase_queue.rollup.js'] ||","            local.fs.readFileSync(","                // buildCustomOrg-hack","                local.npmtest_firebase_queue.__dirname +","                    '/lib.npmtest_firebase_queue.js',","                'utf8'","            ).replace((/^#!/), '//');","        local.assetsDict['/favicon.ico'] = local.assetsDict['/favicon.ico'] || '';","        // if $npm_config_timeout_exit exists,","        // then exit this process after $npm_config_timeout_exit ms","        if (Number(process.env.npm_config_timeout_exit)) {","            setTimeout(process.exit, Number(process.env.npm_config_timeout_exit));","        }","        // start server","        if (local.global.utility2_serverHttp1) {","            break;","        }","        process.env.PORT = process.env.PORT || '8081';","        console.error('server starting on port ' + process.env.PORT);","        local.http.createServer(function (request, response) {","            request.urlParsed = local.url.parse(request.url);","            if (local.assetsDict[request.urlParsed.pathname] !== undefined) {","                response.end(local.assetsDict[request.urlParsed.pathname]);","                return;","            }","            response.statusCode = 404;","            response.end();","        }).listen(process.env.PORT);","        break;","    }","}());",""],"l":{"26":2,"28":2,"33":2,"35":2,"37":2,"38":2,"39":2,"44":1,"51":2,"55":2,"59":2,"61":2,"69":1,"70":2,"76":2,"79":2,"82":2,"83":2,"85":1,"89":2,"92":1,"93":1,"94":1,"96":1,"97":1,"100":1,"101":1,"103":1,"106":1,"108":2,"114":1,"116":1,"118":1,"123":1,"124":2,"125":2,"126":2,"127":2,"128":2,"129":2,"130":1,"133":2,"134":2,"139":2,"143":1,"144":3,"145":1,"149":1,"150":1,"158":1,"160":1,"161":1,"162":1,"164":1,"166":1,"258":1,"259":1,"271":1,"274":6,"275":6,"277":1,"279":2,"281":1,"283":2,"288":1,"289":1,"291":1,"294":1,"302":1,"305":1,"306":1,"309":1,"310":1,"312":1,"313":1,"314":1,"315":1,"316":1,"317":1,"318":1,"320":1,"321":1,"323":1}},"/home/travis/build/npmtest/node-npmtest-firebase-queue/node_modules/firebase-queue/dist/queue.js":{"path":"/home/travis/build/npmtest/node-npmtest-firebase-queue/node_modules/firebase-queue/dist/queue.js","s":{"1":1,"2":1,"3":1,"4":1,"5":1,"6":1,"7":1,"8":1,"9":1,"10":0,"11":0,"12":0,"13":0,"14":0,"15":0,"16":0,"17":0,"18":0,"19":0,"20":0,"21":0,"22":0,"23":0,"24":0,"25":0,"26":0,"27":0,"28":0,"29":0,"30":0,"31":0,"32":0,"33":0,"34":0,"35":0,"36":0,"37":0,"38":0,"39":0,"40":0,"41":0,"42":0,"43":0,"44":0,"45":0,"46":0,"47":0,"48":0,"49":0,"50":0,"51":0,"52":0,"53":0,"54":0,"55":0,"56":0,"57":0,"58":0,"59":0,"60":0,"61":0,"62":0,"63":0,"64":0,"65":0,"66":0,"67":0,"68":0,"69":0,"70":0,"71":0,"72":0,"73":0,"74":0,"75":0,"76":0,"77":0,"78":0,"79":0,"80":0,"81":0,"82":0,"83":0,"84":1,"85":0,"86":0,"87":0,"88":0,"89":0,"90":0,"91":0,"92":1,"93":0,"94":1,"95":0,"96":0,"97":0,"98":0,"99":0,"100":0,"101":0,"102":0,"103":0,"104":0,"105":0,"106":1,"107":0,"108":0,"109":0,"110":0,"111":0,"112":0,"113":0,"114":1},"b":{"1":[0,0],"2":[0,0],"3":[0,0],"4":[0,0],"5":[0,0],"6":[0,0],"7":[0,0],"8":[0,0],"9":[0,0,0],"10":[0,0],"11":[0,0],"12":[0,0],"13":[0,0],"14":[0,0],"15":[0,0],"16":[0,0],"17":[0,0],"18":[0,0],"19":[0,0],"20":[0,0],"21":[0,0],"22":[0,0],"23":[0,0],"24":[0,0]},"f":{"1":0,"2":0,"3":0,"4":0,"5":0,"6":0,"7":0,"8":0},"fnMap":{"1":{"name":"Queue","line":57,"loc":{"start":{"line":57,"column":0},"end":{"line":57,"column":17}}},"2":{"name":"(anonymous_2)","line":164,"loc":{"start":{"line":164,"column":6},"end":{"line":164,"column":29}}},"3":{"name":"(anonymous_3)","line":179,"loc":{"start":{"line":179,"column":36},"end":{"line":179,"column":50}},"skip":true},"4":{"name":"(anonymous_4)","line":193,"loc":{"start":{"line":193,"column":27},"end":{"line":193,"column":38}}},"5":{"name":"(anonymous_5)","line":202,"loc":{"start":{"line":202,"column":38},"end":{"line":202,"column":55}}},"6":{"name":"(anonymous_6)","line":211,"loc":{"start":{"line":211,"column":33},"end":{"line":211,"column":44}}},"7":{"name":"(anonymous_7)","line":219,"loc":{"start":{"line":219,"column":28},"end":{"line":219,"column":39}}},"8":{"name":"(anonymous_8)","line":250,"loc":{"start":{"line":250,"column":33},"end":{"line":250,"column":44}}}},"statementMap":{"1":{"start":{"line":11,"column":0},"end":{"line":11,"column":26}},"2":{"start":{"line":12,"column":0},"end":{"line":12,"column":27}},"3":{"start":{"line":13,"column":0},"end":{"line":13,"column":32}},"4":{"start":{"line":14,"column":0},"end":{"line":14,"column":51}},"5":{"start":{"line":16,"column":0},"end":{"line":16,"column":28}},"6":{"start":{"line":17,"column":0},"end":{"line":17,"column":28}},"7":{"start":{"line":18,"column":0},"end":{"line":18,"column":35}},"8":{"start":{"line":19,"column":0},"end":{"line":22,"column":2}},"9":{"start":{"line":57,"column":0},"end":{"line":186,"column":1}},"10":{"start":{"line":58,"column":2},"end":{"line":58,"column":18}},"11":{"start":{"line":59,"column":2},"end":{"line":59,"column":39}},"12":{"start":{"line":61,"column":2},"end":{"line":61,"column":12}},"13":{"start":{"line":62,"column":2},"end":{"line":62,"column":40}},"14":{"start":{"line":63,"column":2},"end":{"line":63,"column":35}},"15":{"start":{"line":64,"column":2},"end":{"line":64,"column":46}},"16":{"start":{"line":65,"column":2},"end":{"line":65,"column":27}},"17":{"start":{"line":66,"column":2},"end":{"line":66,"column":28}},"18":{"start":{"line":68,"column":2},"end":{"line":68,"column":33}},"19":{"start":{"line":70,"column":2},"end":{"line":128,"column":3}},"20":{"start":{"line":71,"column":4},"end":{"line":72,"column":38}},"21":{"start":{"line":73,"column":4},"end":{"line":73,"column":64}},"22":{"start":{"line":74,"column":4},"end":{"line":74,"column":27}},"23":{"start":{"line":75,"column":9},"end":{"line":128,"column":3}},"24":{"start":{"line":76,"column":4},"end":{"line":76,"column":54}},"25":{"start":{"line":77,"column":9},"end":{"line":128,"column":3}},"26":{"start":{"line":78,"column":4},"end":{"line":78,"column":42}},"27":{"start":{"line":79,"column":4},"end":{"line":83,"column":5}},"28":{"start":{"line":80,"column":6},"end":{"line":80,"column":58}},"29":{"start":{"line":81,"column":6},"end":{"line":81,"column":66}},"30":{"start":{"line":82,"column":6},"end":{"line":82,"column":29}},"31":{"start":{"line":84,"column":4},"end":{"line":92,"column":5}},"32":{"start":{"line":85,"column":6},"end":{"line":91,"column":7}},"33":{"start":{"line":86,"column":8},"end":{"line":86,"column":37}},"34":{"start":{"line":88,"column":8},"end":{"line":88,"column":51}},"35":{"start":{"line":89,"column":8},"end":{"line":89,"column":68}},"36":{"start":{"line":90,"column":8},"end":{"line":90,"column":31}},"37":{"start":{"line":93,"column":4},"end":{"line":103,"column":5}},"38":{"start":{"line":94,"column":6},"end":{"line":102,"column":7}},"39":{"start":{"line":97,"column":8},"end":{"line":97,"column":45}},"40":{"start":{"line":99,"column":8},"end":{"line":99,"column":65}},"41":{"start":{"line":100,"column":8},"end":{"line":100,"column":68}},"42":{"start":{"line":101,"column":8},"end":{"line":101,"column":31}},"43":{"start":{"line":104,"column":4},"end":{"line":112,"column":5}},"44":{"start":{"line":105,"column":6},"end":{"line":111,"column":7}},"45":{"start":{"line":106,"column":8},"end":{"line":106,"column":41}},"46":{"start":{"line":108,"column":8},"end":{"line":108,"column":54}},"47":{"start":{"line":109,"column":8},"end":{"line":109,"column":68}},"48":{"start":{"line":110,"column":8},"end":{"line":110,"column":31}},"49":{"start":{"line":113,"column":4},"end":{"line":121,"column":5}},"50":{"start":{"line":114,"column":6},"end":{"line":120,"column":7}},"51":{"start":{"line":115,"column":8},"end":{"line":115,"column":51}},"52":{"start":{"line":117,"column":8},"end":{"line":117,"column":59}},"53":{"start":{"line":118,"column":8},"end":{"line":118,"column":68}},"54":{"start":{"line":119,"column":8},"end":{"line":119,"column":31}},"55":{"start":{"line":122,"column":4},"end":{"line":122,"column":54}},"56":{"start":{"line":124,"column":4},"end":{"line":125,"column":52}},"57":{"start":{"line":126,"column":4},"end":{"line":126,"column":64}},"58":{"start":{"line":127,"column":4},"end":{"line":127,"column":27}},"59":{"start":{"line":130,"column":2},"end":{"line":142,"column":3}},"60":{"start":{"line":132,"column":4},"end":{"line":132,"column":53}},"61":{"start":{"line":133,"column":4},"end":{"line":133,"column":53}},"62":{"start":{"line":134,"column":9},"end":{"line":142,"column":3}},"63":{"start":{"line":135,"column":4},"end":{"line":136,"column":25}},"64":{"start":{"line":137,"column":4},"end":{"line":137,"column":64}},"65":{"start":{"line":138,"column":4},"end":{"line":138,"column":27}},"66":{"start":{"line":140,"column":4},"end":{"line":140,"column":59}},"67":{"start":{"line":141,"column":4},"end":{"line":141,"column":59}},"68":{"start":{"line":144,"column":2},"end":{"line":144,"column":20}},"69":{"start":{"line":145,"column":2},"end":{"line":154,"column":3}},"70":{"start":{"line":146,"column":4},"end":{"line":146,"column":63}},"71":{"start":{"line":147,"column":4},"end":{"line":153,"column":7}},"72":{"start":{"line":156,"column":2},"end":{"line":183,"column":3}},"73":{"start":{"line":157,"column":4},"end":{"line":159,"column":5}},"74":{"start":{"line":158,"column":6},"end":{"line":158,"column":53}},"75":{"start":{"line":160,"column":4},"end":{"line":160,"column":28}},"76":{"start":{"line":162,"column":4},"end":{"line":182,"column":9}},"77":{"start":{"line":165,"column":8},"end":{"line":172,"column":10}},"78":{"start":{"line":174,"column":8},"end":{"line":176,"column":9}},"79":{"start":{"line":175,"column":10},"end":{"line":175,"column":48}},"80":{"start":{"line":177,"column":8},"end":{"line":177,"column":40}},"81":{"start":{"line":178,"column":8},"end":{"line":178,"column":32}},"82":{"start":{"line":180,"column":8},"end":{"line":181,"column":23},"skip":true},"83":{"start":{"line":185,"column":2},"end":{"line":185,"column":14}},"84":{"start":{"line":193,"column":0},"end":{"line":205,"column":2}},"85":{"start":{"line":194,"column":2},"end":{"line":194,"column":27}},"86":{"start":{"line":195,"column":2},"end":{"line":195,"column":39}},"87":{"start":{"line":196,"column":2},"end":{"line":200,"column":3}},"88":{"start":{"line":197,"column":4},"end":{"line":198,"column":31}},"89":{"start":{"line":199,"column":4},"end":{"line":199,"column":35}},"90":{"start":{"line":202,"column":2},"end":{"line":204,"column":6}},"91":{"start":{"line":203,"column":4},"end":{"line":203,"column":29}},"92":{"start":{"line":211,"column":0},"end":{"line":213,"column":2}},"93":{"start":{"line":212,"column":2},"end":{"line":212,"column":29}},"94":{"start":{"line":219,"column":0},"end":{"line":243,"column":2}},"95":{"start":{"line":220,"column":2},"end":{"line":222,"column":3}},"96":{"start":{"line":221,"column":4},"end":{"line":221,"column":70}},"97":{"start":{"line":224,"column":2},"end":{"line":224,"column":39}},"98":{"start":{"line":225,"column":2},"end":{"line":225,"column":79}},"99":{"start":{"line":226,"column":2},"end":{"line":232,"column":4}},"100":{"start":{"line":233,"column":2},"end":{"line":233,"column":28}},"101":{"start":{"line":235,"column":2},"end":{"line":240,"column":3}},"102":{"start":{"line":236,"column":4},"end":{"line":236,"column":42}},"103":{"start":{"line":238,"column":9},"end":{"line":240,"column":3}},"104":{"start":{"line":239,"column":4},"end":{"line":239,"column":45}},"105":{"start":{"line":242,"column":2},"end":{"line":242,"column":16}},"106":{"start":{"line":250,"column":0},"end":{"line":262,"column":2}},"107":{"start":{"line":251,"column":2},"end":{"line":251,"column":34}},"108":{"start":{"line":253,"column":2},"end":{"line":253,"column":14}},"109":{"start":{"line":254,"column":2},"end":{"line":259,"column":3}},"110":{"start":{"line":255,"column":4},"end":{"line":255,"column":63}},"111":{"start":{"line":257,"column":4},"end":{"line":257,"column":48}},"112":{"start":{"line":258,"column":4},"end":{"line":258,"column":32}},"113":{"start":{"line":261,"column":2},"end":{"line":261,"column":17}},"114":{"start":{"line":265,"column":0},"end":{"line":265,"column":23}}},"branchMap":{"1":{"line":70,"type":"if","locations":[{"start":{"line":70,"column":2},"end":{"line":70,"column":2}},{"start":{"line":70,"column":2},"end":{"line":70,"column":2}}]},"2":{"line":75,"type":"if","locations":[{"start":{"line":75,"column":9},"end":{"line":75,"column":9}},{"start":{"line":75,"column":9},"end":{"line":75,"column":9}}]},"3":{"line":77,"type":"if","locations":[{"start":{"line":77,"column":9},"end":{"line":77,"column":9}},{"start":{"line":77,"column":9},"end":{"line":77,"column":9}}]},"4":{"line":79,"type":"if","locations":[{"start":{"line":79,"column":4},"end":{"line":79,"column":4}},{"start":{"line":79,"column":4},"end":{"line":79,"column":4}}]},"5":{"line":84,"type":"if","locations":[{"start":{"line":84,"column":4},"end":{"line":84,"column":4}},{"start":{"line":84,"column":4},"end":{"line":84,"column":4}}]},"6":{"line":85,"type":"if","locations":[{"start":{"line":85,"column":6},"end":{"line":85,"column":6}},{"start":{"line":85,"column":6},"end":{"line":85,"column":6}}]},"7":{"line":93,"type":"if","locations":[{"start":{"line":93,"column":4},"end":{"line":93,"column":4}},{"start":{"line":93,"column":4},"end":{"line":93,"column":4}}]},"8":{"line":94,"type":"if","locations":[{"start":{"line":94,"column":6},"end":{"line":94,"column":6}},{"start":{"line":94,"column":6},"end":{"line":94,"column":6}}]},"9":{"line":94,"type":"binary-expr","locations":[{"start":{"line":94,"column":10},"end":{"line":94,"column":40}},{"start":{"line":95,"column":10},"end":{"line":95,"column":32}},{"start":{"line":96,"column":10},"end":{"line":96,"column":38}}]},"10":{"line":104,"type":"if","locations":[{"start":{"line":104,"column":4},"end":{"line":104,"column":4}},{"start":{"line":104,"column":4},"end":{"line":104,"column":4}}]},"11":{"line":105,"type":"if","locations":[{"start":{"line":105,"column":6},"end":{"line":105,"column":6}},{"start":{"line":105,"column":6},"end":{"line":105,"column":6}}]},"12":{"line":113,"type":"if","locations":[{"start":{"line":113,"column":4},"end":{"line":113,"column":4}},{"start":{"line":113,"column":4},"end":{"line":113,"column":4}}]},"13":{"line":114,"type":"if","locations":[{"start":{"line":114,"column":6},"end":{"line":114,"column":6}},{"start":{"line":114,"column":6},"end":{"line":114,"column":6}}]},"14":{"line":130,"type":"if","locations":[{"start":{"line":130,"column":2},"end":{"line":130,"column":2}},{"start":{"line":130,"column":2},"end":{"line":130,"column":2}}]},"15":{"line":130,"type":"binary-expr","locations":[{"start":{"line":130,"column":6},"end":{"line":130,"column":48}},{"start":{"line":131,"column":6},"end":{"line":131,"column":48}}]},"16":{"line":134,"type":"if","locations":[{"start":{"line":134,"column":9},"end":{"line":134,"column":9}},{"start":{"line":134,"column":9},"end":{"line":134,"column":9}}]},"17":{"line":146,"type":"cond-expr","locations":[{"start":{"line":146,"column":35},"end":{"line":146,"column":52}},{"start":{"line":146,"column":55},"end":{"line":146,"column":57}}]},"18":{"line":156,"type":"if","locations":[{"start":{"line":156,"column":2},"end":{"line":156,"column":2}},{"start":{"line":156,"column":2},"end":{"line":156,"column":2}}]},"19":{"line":196,"type":"if","locations":[{"start":{"line":196,"column":2},"end":{"line":196,"column":2}},{"start":{"line":196,"column":2},"end":{"line":196,"column":2}}]},"20":{"line":220,"type":"if","locations":[{"start":{"line":220,"column":2},"end":{"line":220,"column":2}},{"start":{"line":220,"column":2},"end":{"line":220,"column":2}}]},"21":{"line":225,"type":"cond-expr","locations":[{"start":{"line":225,"column":33},"end":{"line":225,"column":50}},{"start":{"line":225,"column":53},"end":{"line":225,"column":55}}]},"22":{"line":235,"type":"if","locations":[{"start":{"line":235,"column":2},"end":{"line":235,"column":2}},{"start":{"line":235,"column":2},"end":{"line":235,"column":2}}]},"23":{"line":238,"type":"if","locations":[{"start":{"line":238,"column":9},"end":{"line":238,"column":9}},{"start":{"line":238,"column":9},"end":{"line":238,"column":9}}]},"24":{"line":254,"type":"if","locations":[{"start":{"line":254,"column":2},"end":{"line":254,"column":2}},{"start":{"line":254,"column":2},"end":{"line":254,"column":2}}]}},"code":["/*"," * Firebase Queue is a fault-tolerant, multi-worker, multi-stage job pipeline"," * built on Firebase."," *"," * Firebase Queue 0.0.0"," * https://github.com/firebase/firebase-queue/"," * License: MIT"," */","'use strict';","","var _ = require('lodash');","var RSVP = require('rsvp');","var logger = require('winston');","var QueueWorker = require('./lib/queue_worker.js');","","var DEFAULT_NUM_WORKERS = 1;","var DEFAULT_SANITIZE = true;","var DEFAULT_SUPPRESS_STACK = false;","var DEFAULT_TASK_SPEC = {","  inProgressState: 'in_progress',","  timeout: 300000 // 5 minutes","};","","","/**"," * @constructor"," * @param {firebase.database.Reference|Object} ref A Firebase Realtime Database"," *  reference to the queue or an object containing both keys:"," *     - tasksRef: {firebase.database.Reference} A Firebase Realtime Database"," *         reference to the queue tasks location."," *     - specsRef: {firebase.database.Reference} A Firebase Realtime Database"," *         reference to the queue specs location."," * @param {Object} options (optional) Object containing possible keys:"," *     - specId: {String} the task specification ID for the workers."," *     - numWorkers: {Number} The number of workers to create for this task."," *     - sanitize: {Boolean} Whether to sanitize the 'data' passed to the"," *         processing function of internal queue keys."," * @param {Function} processingFunction A function that is called each time to"," *   process a task. This function is passed four parameters:"," *     - data {Object} The current data at the location."," *     - progress {Function} A function to update the progress percent of the"," *         task for informational purposes. Pass it a number between 0 and 100."," *         Returns a promise of whether the operation was completed"," *         successfully."," *     - resolve {Function} An asychronous callback function - call this"," *         function when the processingFunction completes successfully. This"," *         takes an optional Object parameter that, if passed, will overwrite"," *         the data at the task location, and returns a promise of whether the"," *         operation was successful."," *     - reject {Function} An asynchronous callback function - call this"," *         function if the processingFunction encounters an error. This takes"," *         an optional String or Object parameter that will be stored in the"," *         '_error_details/error' location in the task and returns a promise"," *         of whether the operation was successful."," * @returns {Object} The new Queue object."," */","function Queue() {","  var self = this;","  var constructorArguments = arguments;","","  var error;","  self.numWorkers = DEFAULT_NUM_WORKERS;","  self.sanitize = DEFAULT_SANITIZE;","  self.suppressStack = DEFAULT_SUPPRESS_STACK;","  self.initialized = false;","  self.shuttingDown = false;","","  self.specChangeListener = null;","","  if (constructorArguments.length < 2) {","    error = 'Queue must at least have the queueRef and ' +","      'processingFunction arguments.';","    logger.debug('Queue(): Error during initialization', error);","    throw new Error(error);","  } else if (constructorArguments.length === 2) {","    self.processingFunction = constructorArguments[1];","  } else if (constructorArguments.length === 3) {","    var options = constructorArguments[1];","    if (!_.isPlainObject(options)) {","      error = 'Options parameter must be a plain object.';","      logger.debug('Queue(): Error during initialization', error);","      throw new Error(error);","    }","    if (!_.isUndefined(options.specId)) {","      if (_.isString(options.specId)) {","        self.specId = options.specId;","      } else {","        error = 'options.specId must be a String.';","        logger.debug('Queue(): Error during initialization', error);","        throw new Error(error);","      }","    }","    if (!_.isUndefined(options.numWorkers)) {","      if (_.isNumber(options.numWorkers) &&","          options.numWorkers > 0 &&","          options.numWorkers % 1 === 0) {","        self.numWorkers = options.numWorkers;","      } else {","        error = 'options.numWorkers must be a positive integer.';","        logger.debug('Queue(): Error during initialization', error);","        throw new Error(error);","      }","    }","    if (!_.isUndefined(options.sanitize)) {","      if (_.isBoolean(options.sanitize)) {","        self.sanitize = options.sanitize;","      } else {","        error = 'options.sanitize must be a boolean.';","        logger.debug('Queue(): Error during initialization', error);","        throw new Error(error);","      }","    }","    if (!_.isUndefined(options.suppressStack)) {","      if (_.isBoolean(options.suppressStack)) {","        self.suppressStack = options.suppressStack;","      } else {","        error = 'options.suppressStack must be a boolean.';","        logger.debug('Queue(): Error during initialization', error);","        throw new Error(error);","      }","    }","    self.processingFunction = constructorArguments[2];","  } else {","    error = 'Queue can only take at most three arguments - queueRef, ' +","      'options (optional), and processingFunction.';","    logger.debug('Queue(): Error during initialization', error);","    throw new Error(error);","  }","","  if (_.has(constructorArguments[0], 'tasksRef') &&","      _.has(constructorArguments[0], 'specsRef')) {","    self.tasksRef = constructorArguments[0].tasksRef;","    self.specsRef = constructorArguments[0].specsRef;","  } else if (_.isPlainObject(constructorArguments[0])) {","    error = 'When ref is an object it must contain both keys \\'tasksRef\\' ' +","      'and \\'specsRef\\'';","    logger.debug('Queue(): Error during initialization', error);","    throw new Error(error);","  } else {","    self.tasksRef = constructorArguments[0].child('tasks');","    self.specsRef = constructorArguments[0].child('specs');","  }","","  self.workers = [];","  for (var i = 0; i < self.numWorkers; i++) {","    var processId = (self.specId ? self.specId + ':' : '') + i;","    self.workers.push(new QueueWorker(","      self.tasksRef,","      processId,","      self.sanitize,","      self.suppressStack,","      self.processingFunction","    ));","  }","","  if (_.isUndefined(self.specId)) {","    for (var j = 0; j < self.numWorkers; j++) {","      self.workers[j].setTaskSpec(DEFAULT_TASK_SPEC);","    }","    self.initialized = true;","  } else {","    self.specChangeListener = self.specsRef.child(self.specId).on(","      'value',","      function(taskSpecSnap) {","        var taskSpec = {","          startState: taskSpecSnap.child('start_state').val(),","          inProgressState: taskSpecSnap.child('in_progress_state').val(),","          finishedState: taskSpecSnap.child('finished_state').val(),","          errorState: taskSpecSnap.child('error_state').val(),","          timeout: taskSpecSnap.child('timeout').val(),","          retries: taskSpecSnap.child('retries').val()","        };","","        for (var k = 0; k < self.numWorkers; k++) {","          self.workers[k].setTaskSpec(taskSpec);","        }","        self.currentTaskSpec = taskSpec;","        self.initialized = true;","      }, /* istanbul ignore next */ function(err) {","        logger.debug('Queue(): Error connecting to Firebase reference',","          err.message);","      });","  }","","  return self;","}","","/**"," * Gracefully shuts down a queue."," * @returns {RSVP.Promise} A promise fulfilled when all the worker processes"," *   have finished their current tasks and are no longer listening for new ones."," */","Queue.prototype.shutdown = function() {","  this.shuttingDown = true;","  logger.debug('Queue: Shutting down');","  if (!_.isNull(this.specChangeListener)) {","    this.specsRef.child(this.specId).off('value',","      this.specChangeListener);","    this.specChangeListener = null;","  }","","  return RSVP.all(_.map(this.workers, function(worker) {","    return worker.shutdown();","  }));","};","","/**"," * Gets queue worker count."," * @returns {Number} Total number of workers for this queue."," */","Queue.prototype.getWorkerCount = function() {","  return this.workers.length;","};","","/**"," * Adds a queue worker."," * @returns {QueueWorker} the worker created."," */","Queue.prototype.addWorker = function() {","  if (this.shuttingDown) {","    throw new Error('Cannot add worker while queue is shutting down');","  }","","  logger.debug('Queue: adding worker');","  var processId = (this.specId ? this.specId + ':' : '') + this.workers.length;","  var worker = new QueueWorker(","    this.tasksRef,","    processId,","    this.sanitize,","    this.suppressStack,","    this.processingFunction","  );","  this.workers.push(worker);","","  if (_.isUndefined(this.specId)) {","    worker.setTaskSpec(DEFAULT_TASK_SPEC);","  // if the currentTaskSpec is not yet set it will be called once it's fetched","  } else if (!_.isUndefined(this.currentTaskSpec)) {","    worker.setTaskSpec(this.currentTaskSpec);","  }","","  return worker;","};","","/**"," * Shutdowns a queue worker if one exists."," * @returns {RSVP.Promise} A promise fulfilled once the worker is shutdown"," *   or rejected if there are no workers left to shutdown."," */","Queue.prototype.shutdownWorker = function() {","  var worker = this.workers.pop();","","  var promise;","  if (_.isUndefined(worker)) {","    promise = RSVP.reject(new Error('No workers to shutdown'));","  } else {","    logger.debug('Queue: shutting down worker');","    promise = worker.shutdown();","  }","","  return promise;","};","","","module.exports = Queue;",""],"l":{"11":1,"12":1,"13":1,"14":1,"16":1,"17":1,"18":1,"19":1,"57":1,"58":0,"59":0,"61":0,"62":0,"63":0,"64":0,"65":0,"66":0,"68":0,"70":0,"71":0,"73":0,"74":0,"75":0,"76":0,"77":0,"78":0,"79":0,"80":0,"81":0,"82":0,"84":0,"85":0,"86":0,"88":0,"89":0,"90":0,"93":0,"94":0,"97":0,"99":0,"100":0,"101":0,"104":0,"105":0,"106":0,"108":0,"109":0,"110":0,"113":0,"114":0,"115":0,"117":0,"118":0,"119":0,"122":0,"124":0,"126":0,"127":0,"130":0,"132":0,"133":0,"134":0,"135":0,"137":0,"138":0,"140":0,"141":0,"144":0,"145":0,"146":0,"147":0,"156":0,"157":0,"158":0,"160":0,"162":0,"165":0,"174":0,"175":0,"177":0,"178":0,"180":1,"185":0,"193":1,"194":0,"195":0,"196":0,"197":0,"199":0,"202":0,"203":0,"211":1,"212":0,"219":1,"220":0,"221":0,"224":0,"225":0,"226":0,"233":0,"235":0,"236":0,"238":0,"239":0,"242":0,"250":1,"251":0,"253":0,"254":0,"255":0,"257":0,"258":0,"261":0,"265":1}},"/home/travis/build/npmtest/node-npmtest-firebase-queue/node_modules/firebase-queue/dist/lib/queue_worker.js":{"path":"/home/travis/build/npmtest/node-npmtest-firebase-queue/node_modules/firebase-queue/dist/lib/queue_worker.js","s":{"1":1,"2":1,"3":1,"4":1,"5":1,"6":1,"7":1,"8":1,"9":1,"10":0,"11":1,"12":0,"13":1,"14":0,"15":0,"16":0,"17":0,"18":0,"19":0,"20":0,"21":0,"22":0,"23":0,"24":0,"25":0,"26":0,"27":0,"28":0,"29":0,"30":0,"31":0,"32":0,"33":0,"34":0,"35":0,"36":0,"37":0,"38":0,"39":0,"40":0,"41":0,"42":0,"43":0,"44":0,"45":0,"46":0,"47":0,"48":0,"49":0,"50":0,"51":0,"52":0,"53":0,"54":0,"55":1,"56":0,"57":1,"58":0,"59":0,"60":0,"61":0,"62":0,"63":0,"64":0,"65":0,"66":0,"67":0,"68":0,"69":0,"70":0,"71":0,"72":0,"73":0,"74":0,"75":0,"76":0,"77":0,"78":0,"79":0,"80":0,"81":0,"82":0,"83":0,"84":0,"85":0,"86":0,"87":0,"88":0,"89":1,"90":0,"91":0,"92":0,"93":0,"94":0,"95":0,"96":0,"97":0,"98":0,"99":0,"100":0,"101":0,"102":0,"103":0,"104":0,"105":0,"106":0,"107":0,"108":0,"109":0,"110":0,"111":0,"112":0,"113":0,"114":0,"115":0,"116":0,"117":0,"118":0,"119":0,"120":0,"121":0,"122":0,"123":0,"124":0,"125":0,"126":0,"127":0,"128":0,"129":0,"130":0,"131":0,"132":0,"133":0,"134":0,"135":0,"136":0,"137":0,"138":0,"139":1,"140":0,"141":0,"142":0,"143":0,"144":0,"145":0,"146":0,"147":0,"148":0,"149":0,"150":0,"151":0,"152":0,"153":0,"154":0,"155":0,"156":0,"157":0,"158":0,"159":0,"160":0,"161":0,"162":0,"163":0,"164":0,"165":0,"166":0,"167":0,"168":0,"169":0,"170":0,"171":0,"172":0,"173":0,"174":0,"175":0,"176":0,"177":0,"178":0,"179":0,"180":0,"181":0,"182":0,"183":0,"184":0,"185":0,"186":0,"187":0,"188":0,"189":0,"190":0,"191":0,"192":0,"193":0,"194":0,"195":0,"196":0,"197":1,"198":0,"199":0,"200":0,"201":0,"202":0,"203":0,"204":0,"205":0,"206":0,"207":0,"208":0,"209":0,"210":0,"211":0,"212":0,"213":0,"214":0,"215":0,"216":0,"217":0,"218":0,"219":0,"220":0,"221":0,"222":0,"223":0,"224":0,"225":0,"226":1,"227":0,"228":0,"229":0,"230":0,"231":0,"232":0,"233":0,"234":0,"235":0,"236":0,"237":0,"238":0,"239":0,"240":0,"241":0,"242":0,"243":0,"244":0,"245":0,"246":0,"247":0,"248":0,"249":0,"250":0,"251":0,"252":0,"253":0,"254":0,"255":0,"256":0,"257":0,"258":0,"259":0,"260":0,"261":0,"262":0,"263":0,"264":0,"265":0,"266":0,"267":0,"268":0,"269":0,"270":0,"271":0,"272":0,"273":0,"274":0,"275":0,"276":0,"277":0,"278":0,"279":0,"280":0,"281":0,"282":0,"283":0,"284":0,"285":0,"286":0,"287":0,"288":0,"289":0,"290":0,"291":0,"292":0,"293":0,"294":0,"295":0,"296":0,"297":0,"298":0,"299":0,"300":0,"301":0,"302":0,"303":0,"304":1,"305":0,"306":0,"307":0,"308":0,"309":0,"310":0,"311":0,"312":0,"313":0,"314":0,"315":0,"316":0,"317":0,"318":0,"319":0,"320":0,"321":0,"322":0,"323":0,"324":0,"325":0,"326":0,"327":0,"328":0,"329":0,"330":0,"331":0,"332":0,"333":0,"334":0,"335":0,"336":0,"337":0,"338":0,"339":0,"340":1,"341":0,"342":0,"343":0,"344":0,"345":0,"346":0,"347":0,"348":0,"349":0,"350":0,"351":0,"352":0,"353":0,"354":0,"355":0,"356":1,"357":0,"358":0,"359":0,"360":0,"361":0,"362":0,"363":0,"364":0,"365":0,"366":0,"367":0,"368":0,"369":0,"370":0,"371":0,"372":0,"373":0,"374":0,"375":0,"376":0,"377":0,"378":0,"379":0,"380":0,"381":0,"382":0,"383":0,"384":0,"385":0,"386":0,"387":0,"388":1,"389":0,"390":0,"391":0,"392":0,"393":0,"394":0,"395":0,"396":0,"397":0,"398":0,"399":1},"b":{"1":[0,0],"2":[0,0],"3":[0,0],"4":[0,0],"5":[0,0],"6":[0,0],"7":[0,0],"8":[0,0],"9":[0,0],"10":[0,0],"11":[0,0,0],"12":[0,0],"13":[0,0,0],"14":[0,0],"15":[0,0],"16":[0,0],"17":[0,0],"18":[0,0],"19":[0,0],"20":[0,0],"21":[0,0],"22":[0,0],"23":[0,0],"24":[0,0],"25":[0,0],"26":[0,0],"27":[0,0],"28":[0,0],"29":[0,0],"30":[0,0],"31":[0,0],"32":[0,0],"33":[0,0],"34":[0,0],"35":[0,0],"36":[0,0],"37":[0,0],"38":[0,0],"39":[0,0],"40":[0,0],"41":[0,0],"42":[0,0],"43":[0,0],"44":[0,0],"45":[0,0],"46":[0,0],"47":[0,0],"48":[0,0],"49":[0,0],"50":[0,0],"51":[0,0],"52":[0,0,0,0],"53":[0,0],"54":[0,0],"55":[0,0],"56":[0,0],"57":[0,0],"58":[0,0],"59":[0,0],"60":[0,0],"61":[0,0],"62":[0,0],"63":[0,0],"64":[0,0],"65":[0,0],"66":[0,0],"67":[0,0],"68":[0,0],"69":[0,0],"70":[0,0],"71":[0,0],"72":[0,0],"73":[0,0],"74":[0,0],"75":[0,0],"76":[0,0],"77":[0,0],"78":[0,0,0],"79":[0,0],"80":[0,0],"81":[0,0],"82":[0,0],"83":[0,0],"84":[0,0],"85":[0,0],"86":[0,0],"87":[0,0],"88":[0,0],"89":[0,0,0,0],"90":[0,0],"91":[0,0,0,0,0],"92":[0,0],"93":[0,0,0,0],"94":[0,0],"95":[0,0,0,0,0],"96":[0,0],"97":[0,0,0,0,0],"98":[0,0],"99":[0,0],"100":[0,0],"101":[0,0],"102":[0,0],"103":[0,0],"104":[0,0],"105":[0,0],"106":[0,0],"107":[0,0]},"f":{"1":0,"2":0,"3":0,"4":0,"5":0,"6":0,"7":0,"8":0,"9":0,"10":0,"11":0,"12":0,"13":0,"14":0,"15":0,"16":0,"17":0,"18":0,"19":0,"20":0,"21":0,"22":0,"23":0,"24":0,"25":0,"26":0,"27":0,"28":0,"29":0,"30":0,"31":0,"32":0,"33":0,"34":0,"35":0,"36":0,"37":0,"38":0,"39":0,"40":0,"41":0},"fnMap":{"1":{"name":"_getKey","line":14,"loc":{"start":{"line":14,"column":0},"end":{"line":14,"column":27}}},"2":{"name":"_getRef","line":18,"loc":{"start":{"line":18,"column":0},"end":{"line":18,"column":27}}},"3":{"name":"QueueWorker","line":30,"loc":{"start":{"line":30,"column":0},"end":{"line":31,"column":24}}},"4":{"name":"(anonymous_4)","line":90,"loc":{"start":{"line":90,"column":37},"end":{"line":90,"column":55}}},"5":{"name":"(anonymous_5)","line":103,"loc":{"start":{"line":103,"column":35},"end":{"line":103,"column":74}}},"6":{"name":"(anonymous_6)","line":112,"loc":{"start":{"line":112,"column":22},"end":{"line":112,"column":37}}},"7":{"name":"(anonymous_7)","line":131,"loc":{"start":{"line":131,"column":5},"end":{"line":131,"column":42}}},"8":{"name":"(anonymous_8)","line":158,"loc":{"start":{"line":158,"column":33},"end":{"line":158,"column":54}}},"9":{"name":"(anonymous_9)","line":168,"loc":{"start":{"line":168,"column":16},"end":{"line":168,"column":34}}},"1
[...]
","            error_stack: errorStack,","            attempts: attempts + 1","          };","          return task;","        }","        return undefined;","      }, function(transactionError, committed, snapshot) {","        /* istanbul ignore if */","        if (transactionError) {","          if (++retries < MAX_TRANSACTION_ATTEMPTS) {","            logger.debug(self._getLogEntry('reject task errored, retrying'),","              transactionError);","            setImmediate(reject, error);","          } else {","            var errorMsg = 'reject task errored too many times, no longer ' +","              'retrying';","            logger.debug(self._getLogEntry(errorMsg), transactionError);","            deferred.reject(new Error(errorMsg));","          }","        } else {","          if (committed && existedBefore) {","            logger.debug(self._getLogEntry('errored while attempting to ' +","              'complete ' + _getKey(snapshot)));","          } else {","            logger.debug(self._getLogEntry('Can\\'t reject task - current task' +","              ' no longer owned by this process'));","          }","          deferred.resolve();","          self.busy = false;","          self._tryToProcess();","        }","      }, false);","    }","    return deferred.promise;","  };","","  return reject;","};","","/**"," * Creates an update callback function, storing the current task number."," * @param {Number} taskNumber the current task number"," * @returns {Function} the update callback function."," */","QueueWorker.prototype._updateProgress = function(taskNumber) {","  var self = this;","  var errorMsg;","","  /**","   * Updates the progress state of the task.","   * @param {Number} progress The progress to report.","   * @returns {RSVP.Promise} Whether the progress was updated.","   */","  var updateProgress = function(progress) {","    if (!_.isNumber(progress) ||","        _.isNaN(progress) ||","        progress < 0 ||","        progress > 100) {","      return RSVP.reject(new Error('Invalid progress'));","    }","    if ((taskNumber !== self.taskNumber)  || _.isNull(self.currentTaskRef)) {","      errorMsg = 'Can\\'t update progress - no task currently being processed';","      logger.debug(self._getLogEntry(errorMsg));","      return RSVP.reject(new Error(errorMsg));","    }","    return new RSVP.Promise(function(resolve, reject) {","      self.currentTaskRef.transaction(function(task) {","        /* istanbul ignore if */","        if (_.isNull(task)) {","          return task;","        }","        var id = self.processId + ':' + self.taskNumber;","        if (task._state === self.inProgressState &&","            task._owner === id) {","          task._progress = progress;","          return task;","        }","        return undefined;","      }, function(transactionError, committed, snapshot) {","        /* istanbul ignore if */","        if (transactionError) {","          errorMsg = 'errored while attempting to update progress';","          logger.debug(self._getLogEntry(errorMsg), transactionError);","          return reject(new Error(errorMsg));","        }","        if (committed && snapshot.exists()) {","          return resolve();","        }","        errorMsg = 'Can\\'t update progress - current task no longer owned ' +","          'by this process';","        logger.debug(self._getLogEntry(errorMsg));","        return reject(new Error(errorMsg));","      }, false);","    });","  };","","  return updateProgress;","};","","/**"," * Attempts to claim the next task in the queue."," */","QueueWorker.prototype._tryToProcess = function(deferred) {","  var self = this;","  var retries = 0;","  var malformed = false;","","  /* istanbul ignore else */","  if (_.isUndefined(deferred)) {","    deferred = RSVP.defer();","  }","","  if (!self.busy) {","    if (!_.isNull(self.shutdownDeferred)) {","      deferred.reject(new Error('Shutting down - can no longer process new ' +","        'tasks'));","      self.setTaskSpec(null);","      logger.debug(self._getLogEntry('finished shutdown'));","      self.shutdownDeferred.resolve();","    } else {","      if (!self.newTaskRef) {","        deferred.resolve();","      } else {","        self.newTaskRef.once('value', function(taskSnap) {","          if (!taskSnap.exists()) {","            return deferred.resolve();","          }","          var nextTaskRef;","          taskSnap.forEach(function(childSnap) {","            nextTaskRef = _getRef(childSnap);","          });","          return nextTaskRef.transaction(function(task) {","            /* istanbul ignore if */","            if (_.isNull(task)) {","              return task;","            }","            if (!_.isPlainObject(task)) {","              malformed = true;","              var error = new Error('Task was malformed');","              var errorStack = null;","              if (!self.suppressStack) {","                errorStack = error.stack;","              }","              return {","                _state: self.errorState,","                _state_changed: SERVER_TIMESTAMP,","                _error_details: {","                  error: error.message,","                  original_task: task,","                  error_stack: errorStack","                }","              };","            }","            if (_.isUndefined(task._state)) {","              task._state = null;","            }","            if (task._state === self.startState) {","              task._state = self.inProgressState;","              task._state_changed = SERVER_TIMESTAMP;","              task._owner = self.processId + ':' + (self.taskNumber + 1);","              task._progress = 0;","              return task;","            }","            logger.debug(self._getLogEntry('task no longer in correct state: ' +","              'expected ' + self.startState + ', got ' + task._state));","            return undefined;","          }, function(error, committed, snapshot) {","            /* istanbul ignore if */","            if (error) {","              if (++retries < MAX_TRANSACTION_ATTEMPTS) {","                logger.debug(self._getLogEntry('errored while attempting to ' +","                  'claim a new task, retrying'), error);","                return setImmediate(self._tryToProcess.bind(self), deferred);","              }","              var errorMsg = 'errored while attempting to claim a new task ' +","                'too many times, no longer retrying';","              logger.debug(self._getLogEntry(errorMsg), error);","              return deferred.reject(new Error(errorMsg));","            } else if (committed && snapshot.exists()) {","              if (malformed) {","                logger.debug(self._getLogEntry('found malformed entry ' +","                  _getKey(snapshot)));","              } else {","                /* istanbul ignore if */","                if (self.busy) {","                  // Worker has become busy while the transaction was processing","                  // so give up the task for now so another worker can claim it","                  self._resetTask(nextTaskRef, true);","                } else {","                  self.busy = true;","                  self.taskNumber += 1;","                  logger.debug(self._getLogEntry('claimed ' + _getKey(snapshot)));","                  self.currentTaskRef = _getRef(snapshot);","                  self.currentTaskListener = self.currentTaskRef","                      .child('_owner').on('value', function(ownerSnapshot) {","                        var id = self.processId + ':' + self.taskNumber;","                        /* istanbul ignore else */","                        if (ownerSnapshot.val() !== id &&","                            !_.isNull(self.currentTaskRef) &&","                            !_.isNull(self.currentTaskListener)) {","                          self.currentTaskRef.child('_owner').off(","                            'value',","                            self.currentTaskListener);","                          self.currentTaskRef = null;","                          self.currentTaskListener = null;","                        }","                      });","                  var data = snapshot.val();","                  if (self.sanitize) {","                    [","                      '_state',","                      '_state_changed',","                      '_owner',","                      '_progress',","                      '_error_details'","                    ].forEach(function(reserved) {","                      if (snapshot.hasChild(reserved)) {","                        delete data[reserved];","                      }","                    });","                  } else {","                    data._id = _getKey(snapshot);","                  }","                  var progress = self._updateProgress(self.taskNumber);","                  var resolve = self._resolve(self.taskNumber);","                  var reject = self._reject(self.taskNumber);","                  setImmediate(function() {","                    try {","                      self.processingFunction.call(null, data, progress,","                        resolve, reject);","                    } catch (err) {","                      reject(err);","                    }","                  });","                }","              }","            }","            return deferred.resolve();","          }, false);","        });","      }","    }","  } else {","    deferred.resolve();","  }","","  return deferred.promise;","};","","/**"," * Sets up timeouts to reclaim tasks that fail due to taking too long."," */","QueueWorker.prototype._setUpTimeouts = function() {","  var self = this;","","  if (!_.isNull(self.processingTaskAddedListener)) {","    self.processingTasksRef.off(","      'child_added',","      self.processingTaskAddedListener);","    self.processingTaskAddedListener = null;","  }","  if (!_.isNull(self.processingTaskRemovedListener)) {","    self.processingTasksRef.off(","      'child_removed',","      self.processingTaskRemovedListener);","    self.processingTaskRemovedListener = null;","  }","","  _.forEach(self.expiryTimeouts, function(expiryTimeout) {","    clearTimeout(expiryTimeout);","  });","  self.expiryTimeouts = {};","  self.owners = {};","","  if (self.taskTimeout) {","    self.processingTasksRef = self.tasksRef.orderByChild('_state')","      .equalTo(self.inProgressState);","","    var setUpTimeout = function(snapshot) {","      var taskName = _getKey(snapshot);","      var now = new Date().getTime();","      var startTime = (snapshot.child('_state_changed').val() || now);","      var expires = Math.max(0, startTime - now + self.taskTimeout);","      var ref = _getRef(snapshot);","      self.owners[taskName] = snapshot.child('_owner').val();","      self.expiryTimeouts[taskName] = setTimeout(","        self._resetTask.bind(self),","        expires,","        ref, false);","    };","","    self.processingTaskAddedListener = self.processingTasksRef.on('child_added',","      setUpTimeout,","      /* istanbul ignore next */ function(error) {","        logger.debug(self._getLogEntry('errored listening to Firebase'), error);","      });","    self.processingTaskRemovedListener = self.processingTasksRef.on(","      'child_removed',","      function(snapshot) {","        var taskName = _getKey(snapshot);","        clearTimeout(self.expiryTimeouts[taskName]);","        delete self.expiryTimeouts[taskName];","        delete self.owners[taskName];","      }, /* istanbul ignore next */ function(error) {","        logger.debug(self._getLogEntry('errored listening to Firebase'), error);","      });","    self.processingTasksRef.on('child_changed', function(snapshot) {","      // This catches de-duped events from the server - if the task was removed","      // and added in quick succession, the server may squash them into a","      // single update","      var taskName = _getKey(snapshot);","      if (snapshot.child('_owner').val() !== self.owners[taskName]) {","        setUpTimeout(snapshot);","      }","    }, /* istanbul ignore next */ function(error) {","      logger.debug(self._getLogEntry('errored listening to Firebase'), error);","    });","  } else {","    self.processingTasksRef = null;","  }","};","","/**"," * Validates a task spec contains meaningful parameters."," * @param {Object} taskSpec The specification for the task."," * @returns {Boolean} Whether the taskSpec is valid."," */","QueueWorker.prototype._isValidTaskSpec = function(taskSpec) {","  if (!_.isPlainObject(taskSpec)) {","    return false;","  }","  if (!_.isString(taskSpec.inProgressState)) {","    return false;","  }","  if (!_.isUndefined(taskSpec.startState) &&","      !_.isNull(taskSpec.startState) &&","      (","        !_.isString(taskSpec.startState) ||","        taskSpec.startState === taskSpec.inProgressState","      )) {","    return false;","  }","  if (!_.isUndefined(taskSpec.finishedState) &&","      !_.isNull(taskSpec.finishedState) &&","      (","        !_.isString(taskSpec.finishedState) ||","        taskSpec.finishedState === taskSpec.inProgressState ||","        taskSpec.finishedState === taskSpec.startState","      )) {","    return false;","  }","  if (!_.isUndefined(taskSpec.errorState) &&","      !_.isNull(taskSpec.errorState) &&","      (","        !_.isString(taskSpec.errorState) ||","        taskSpec.errorState === taskSpec.inProgressState","      )) {","    return false;","  }","  if (!_.isUndefined(taskSpec.timeout) &&","      !_.isNull(taskSpec.timeout) &&","      (","        !_.isNumber(taskSpec.timeout) ||","        taskSpec.timeout <= 0 ||","        taskSpec.timeout % 1 !== 0","      )) {","    return false;","  }","  if (!_.isUndefined(taskSpec.retries) &&","      !_.isNull(taskSpec.retries) &&","      (","        !_.isNumber(taskSpec.retries) ||","        taskSpec.retries < 0 ||","        taskSpec.retries % 1 !== 0","      )) {","    return false;","  }","  return true;","};","","/**"," * Sets up the listeners to claim tasks and reset them if they timeout. Called"," *   any time the task spec changes."," * @param {Object} taskSpec The specification for the task."," */","QueueWorker.prototype.setTaskSpec = function(taskSpec) {","  var self = this;","","  // Increment the taskNumber so that a task being processed before the change","  // doesn't continue to use incorrect data","  self.taskNumber += 1;","","  if (!_.isNull(self.newTaskListener)) {","    self.newTaskRef.off('child_added', self.newTaskListener);","  }","","  if (!_.isNull(self.currentTaskListener)) {","    self.currentTaskRef.child('_owner').off(","      'value',","      self.currentTaskListener);","    self._resetTask(self.currentTaskRef, true);","    self.currentTaskRef = null;","    self.currentTaskListener = null;","  }","","  if (self._isValidTaskSpec(taskSpec)) {","    self.startState = taskSpec.startState || null;","    self.inProgressState = taskSpec.inProgressState;","    self.finishedState = taskSpec.finishedState || null;","    self.errorState = taskSpec.errorState || DEFAULT_ERROR_STATE;","    self.taskTimeout = taskSpec.timeout || null;","    self.taskRetries = taskSpec.retries || DEFAULT_RETRIES;","","    self.newTaskRef = self.tasksRef","                          .orderByChild('_state')","                          .equalTo(self.startState)","                          .limitToFirst(1);","    logger.debug(self._getLogEntry('listening'));","    self.newTaskListener = self.newTaskRef.on(","      'child_added',","      function() {","        self._tryToProcess();","      }, /* istanbul ignore next */ function(error) {","        logger.debug(self._getLogEntry('errored listening to Firebase'), error);","      });","  } else {","    logger.debug(self._getLogEntry('invalid task spec, not listening for new ' +","      'tasks'));","    self.startState = null;","    self.inProgressState = null;","    self.finishedState = null;","    self.errorState = DEFAULT_ERROR_STATE;","    self.taskTimeout = null;","    self.taskRetries = DEFAULT_RETRIES;","","    self.newTaskRef = null;","    self.newTaskListener = null;","  }","","  self._setUpTimeouts();","};","","QueueWorker.prototype.shutdown = function() {","  var self = this;","","  if (!_.isNull(self.shutdownDeferred)) {","    return self.shutdownDeferred.promise;","  }","","  logger.debug(self._getLogEntry('shutting down'));","","  // Set the global shutdown deferred promise, which signals we're shutting down","  self.shutdownDeferred = RSVP.defer();","","  // We can report success immediately if we're not busy","  if (!self.busy) {","    self.setTaskSpec(null);","    logger.debug(self._getLogEntry('finished shutdown'));","    self.shutdownDeferred.resolve();","  }","","  return self.shutdownDeferred.promise;","};","","module.exports = QueueWorker;",""],"l":{"3":1,"4":1,"5":1,"6":1,"8":1,"9":1,"10":1,"12":1,"14":1,"15":0,"18":1,"19":0,"30":1,"32":0,"33":0,"34":0,"35":0,"36":0,"37":0,"39":0,"40":0,"41":0,"42":0,"44":0,"45":0,"46":0,"47":0,"49":0,"50":0,"51":0,"52":0,"54":0,"55":0,"56":0,"57":0,"60":0,"61":0,"63":0,"64":0,"65":0,"67":0,"68":0,"69":0,"70":0,"72":0,"73":0,"74":0,"75":0,"77":0,"78":0,"79":0,"80":0,"81":0,"83":0,"90":1,"91":0,"103":1,"104":0,"105":0,"108":0,"109":0,"112":0,"114":0,"115":1,"117":0,"118":0,"119":0,"120":0,"121":0,"122":0,"123":0,"124":0,"125":0,"126":0,"127":0,"128":0,"130":0,"133":0,"134":1,"135":1,"136":1,"138":1,"139":1,"140":1,"143":0,"144":0,"146":0,"150":0,"158":1,"159":0,"160":0,"161":0,"168":0,"169":0,"170":0,"171":0,"174":0,"177":0,"178":0,"179":0,"181":0,"182":0,"183":0,"184":0,"185":0,"186":0,"188":0,"189":0,"191":0,"192":0,"193":0,"195":0,"196":0,"197":0,"198":0,"201":0,"203":0,"205":0,"206":0,"207":0,"208":0,"209":0,"211":0,"214":0,"215":1,"216":1,"218":1,"220":1,"222":1,"223":1,"226":0,"227":0,"229":0,"232":0,"233":0,"234":0,"239":0,"242":0,"250":1,"251":0,"252":0,"253":0,"254":0,"255":0,"263":0,"264":0,"265":0,"266":0,"269":0,"272":0,"273":0,"274":0,"276":0,"277":0,"278":0,"279":0,"280":0,"281":0,"284":0,"285":0,"288":0,"289":0,"290":0,"291":0,"292":0,"293":0,"295":0,"296":0,"298":0,"299":0,"300":0,"301":0,"303":0,"305":0,"306":0,"308":0,"310":0,"311":0,"312":0,"318":0,"320":0,"323":0,"324":1,"325":1,"327":1,"329":1,"331":1,"332":1,"335":0,"336":0,"339":0,"342":0,"343":0,"344":0,"348":0,"351":0,"359":1,"360":0,"361":0,"368":0,"369":0,"373":0,"375":0,"376":0,"377":0,"378":0,"380":0,"381":0,"383":0,"384":1,"386":0,"387":0,"389":0,"390":0,"392":0,"395":0,"396":1,"397":1,"398":1,"400":0,"401":0,"403":0,"405":0,"406":0,"411":0,"417":1,"418":0,"419":0,"420":0,"423":0,"424":0,"427":0,"428":0,"429":0,"431":0,"432":0,"433":0,"435":0,"436":0,"438":0,"439":0,"440":0,"442":0,"443":0,"444":0,"446":0,"448":0,"449":1,"451":0,"452":0,"453":0,"454":0,"455":0,"456":0,"458":0,"468":0,"469":0,"471":0,"472":0,"473":0,"474":0,"475":0,"476":0,"478":0,"480":0,"483":0,"484":1,"485":1,"487":1,"489":1,"491":1,"492":1,"493":0,"494":0,"495":0,"499":0,"502":1,"504":0,"505":0,"506":0,"507":0,"508":0,"510":0,"512":0,"515":0,"518":0,"519":0,"522":0,"523":0,"524":0,"531":0,"532":0,"536":0,"538":0,"539":0,"540":0,"541":0,"542":0,"543":0,"546":0,"552":0,"558":0,"561":0,"567":1,"568":0,"570":0,"571":0,"574":0,"576":0,"577":0,"580":0,"583":0,"584":0,"586":0,"587":0,"589":0,"590":0,"593":0,"594":0,"595":0,"596":0,"597":0,"598":0,"599":0,"600":0,"606":0,"609":1,"611":0,"614":0,"615":0,"616":0,"617":0,"619":1,"621":0,"625":0,"626":0,"627":0,"630":1,"633":0,"642":1,"643":0,"644":0,"646":0,"647":0,"649":0,"655":0,"657":0,"664":0,"666":0,"672":0,"674":0,"681":0,"683":0,"690":0,"692":0,"700":1,"701":0,"705":0,"707":0,"708":0,"711":0,"712":0,"715":0,"716":0,"717":0,"720":0,"721":0,"722":0,"723":0,"724":0,"725":0,"726":0,"728":0,"732":0,"733":0,"736":0,"738":1,"741":0,"743":0,"744":0,"745":0,"746":0,"747":0,"748":0,"750":0,"751":0,"754":0,"757":1,"758":0,"760":0,"761":0,"764":0,"767":0,"770":0,"771":0,"772":0,"773":0,"776":0,"779":1}}}